2011-08-23 22:09:32,372 ERROR [org.pentaho.platform.util.logging.Logger] misc-org.pentaho.platform.engine.services.connection.datasource.dbcp.PooledDatasourceSystemListener: PooledDatasourceSystemListener.ERROR_0003 - Unable to pool datasource object: seee_bi caused by com.mysql.jdbc.CommunicationsException: Communications link failure due to underlying exception: 

** BEGIN NESTED EXCEPTION ** 

java.net.ConnectException
MESSAGE: Connection refused: connect

STACKTRACE:

java.net.ConnectException: Connection refused: connect
	at java.net.PlainSocketImpl.socketConnect(Native Method)
	at java.net.PlainSocketImpl.doConnect(Unknown Source)
	at java.net.PlainSocketImpl.connectToAddress(Unknown Source)
	at java.net.PlainSocketImpl.connect(Unknown Source)
	at java.net.SocksSocketImpl.connect(Unknown Source)
	at java.net.Socket.connect(Unknown Source)
	at java.net.Socket.connect(Unknown Source)
	at java.net.Socket.<init>(Unknown Source)
	at java.net.Socket.<init>(Unknown Source)
	at com.mysql.jdbc.StandardSocketFactory.connect(StandardSocketFactory.java:256)
	at com.mysql.jdbc.MysqlIO.<init>(MysqlIO.java:271)
	at com.mysql.jdbc.Connection.createNewIO(Connection.java:2744)
	at com.mysql.jdbc.Connection.<init>(Connection.java:1553)
	at com.mysql.jdbc.NonRegisteringDriver.connect(NonRegisteringDriver.java:285)
	at java.sql.DriverManager.getConnection(Unknown Source)
	at java.sql.DriverManager.getConnection(Unknown Source)
	at org.apache.commons.dbcp.DriverManagerConnectionFactory.createConnection(DriverManagerConnectionFactory.java:48)
	at org.apache.commons.dbcp.PoolableConnectionFactory.makeObject(PoolableConnectionFactory.java:290)
	at org.apache.commons.pool.impl.GenericObjectPool.addObject(GenericObjectPool.java:996)
	at org.pentaho.platform.engine.services.connection.datasource.dbcp.PooledDatasourceHelper.setupPooledDataSource(PooledDatasourceHelper.java:133)
	at org.pentaho.platform.engine.services.connection.datasource.dbcp.PooledDatasourceSystemListener.startup(PooledDatasourceSystemListener.java:57)
	at org.pentaho.platform.engine.core.system.PentahoSystem.notifySystemListenersOfStartup(PentahoSystem.java:340)
	at org.pentaho.platform.engine.core.system.PentahoSystem.notifySystemListenersOfStartup(PentahoSystem.java:322)
	at org.pentaho.platform.engine.core.system.PentahoSystem.init(PentahoSystem.java:289)
	at org.pentaho.platform.engine.core.system.PentahoSystem.init(PentahoSystem.java:206)
	at org.pentaho.platform.web.http.context.SolutionContextListener.contextInitialized(SolutionContextListener.java:136)
	at org.apache.catalina.core.StandardContext.listenerStart(StandardContext.java:3764)
	at org.apache.catalina.core.StandardContext.start(StandardContext.java:4216)
	at org.apache.catalina.core.ContainerBase.addChildInternal(ContainerBase.java:760)
	at org.apache.catalina.core.ContainerBase.addChild(ContainerBase.java:740)
	at org.apache.catalina.core.StandardHost.addChild(StandardHost.java:544)
	at org.apache.catalina.startup.HostConfig.deployDirectory(HostConfig.java:926)
	at org.apache.catalina.startup.HostConfig.deployDirectories(HostConfig.java:889)
	at org.apache.catalina.startup.HostConfig.deployApps(HostConfig.java:492)
	at org.apache.catalina.startup.HostConfig.start(HostConfig.java:1149)
	at org.apache.catalina.startup.HostConfig.lifecycleEvent(HostConfig.java:311)
	at org.apache.catalina.util.LifecycleSupport.fireLifecycleEvent(LifecycleSupport.java:120)
	at org.apache.catalina.core.ContainerBase.start(ContainerBase.java:1022)
	at org.apache.catalina.core.StandardHost.start(StandardHost.java:736)
	at org.apache.catalina.core.ContainerBase.start(ContainerBase.java:1014)
	at org.apache.catalina.core.StandardEngine.start(StandardEngine.java:443)
	at org.apache.catalina.core.StandardService.start(StandardService.java:448)
	at org.apache.catalina.core.StandardServer.start(StandardServer.java:700)
	at org.apache.catalina.startup.Catalina.start(Catalina.java:552)
	at sun.reflect.NativeMethodAccessorImpl.invoke0(Native Method)
	at sun.reflect.NativeMethodAccessorImpl.invoke(Unknown Source)
	at sun.reflect.DelegatingMethodAccessorImpl.invoke(Unknown Source)
	at java.lang.reflect.Method.invoke(Unknown Source)
	at org.apache.catalina.startup.Bootstrap.start(Bootstrap.java:295)
	at org.apache.catalina.startup.Bootstrap.main(Bootstrap.java:433)


** END NESTED EXCEPTION **



Last packet sent to the server was 0 ms ago.
2011-08-23 22:09:32,372 ERROR [org.pentaho.platform.util.logging.Logger] misc-org.pentaho.platform.engine.services.connection.datasource.dbcp.PooledDatasourceSystemListener: PooledDatasourceSystemListener.ERROR_0003 - Unable to pool datasource object: seee_bi caused by com.mysql.jdbc.CommunicationsException: Communications link failure due to underlying exception: 

** BEGIN NESTED EXCEPTION ** 

java.net.ConnectException
MESSAGE: Connection refused: connect

STACKTRACE:

java.net.ConnectException: Connection refused: connect
	at java.net.PlainSocketImpl.socketConnect(Native Method)
	at java.net.PlainSocketImpl.doConnect(Unknown Source)
	at java.net.PlainSocketImpl.connectToAddress(Unknown Source)
	at java.net.PlainSocketImpl.connect(Unknown Source)
	at java.net.SocksSocketImpl.connect(Unknown Source)
	at java.net.Socket.connect(Unknown Source)
	at java.net.Socket.connect(Unknown Source)
	at java.net.Socket.<init>(Unknown Source)
	at java.net.Socket.<init>(Unknown Source)
	at com.mysql.jdbc.StandardSocketFactory.connect(StandardSocketFactory.java:256)
	at com.mysql.jdbc.MysqlIO.<init>(MysqlIO.java:271)
	at com.mysql.jdbc.Connection.createNewIO(Connection.java:2744)
	at com.mysql.jdbc.Connection.<init>(Connection.java:1553)
	at com.mysql.jdbc.NonRegisteringDriver.connect(NonRegisteringDriver.java:285)
	at java.sql.DriverManager.getConnection(Unknown Source)
	at java.sql.DriverManager.getConnection(Unknown Source)
	at org.apache.commons.dbcp.DriverManagerConnectionFactory.createConnection(DriverManagerConnectionFactory.java:48)
	at org.apache.commons.dbcp.PoolableConnectionFactory.makeObject(PoolableConnectionFactory.java:290)
	at org.apache.commons.pool.impl.GenericObjectPool.addObject(GenericObjectPool.java:996)
	at org.pentaho.platform.engine.services.connection.datasource.dbcp.PooledDatasourceHelper.setupPooledDataSource(PooledDatasourceHelper.java:133)
	at org.pentaho.platform.engine.services.connection.datasource.dbcp.PooledDatasourceSystemListener.startup(PooledDatasourceSystemListener.java:57)
	at org.pentaho.platform.engine.core.system.PentahoSystem.notifySystemListenersOfStartup(PentahoSystem.java:340)
	at org.pentaho.platform.engine.core.system.PentahoSystem.notifySystemListenersOfStartup(PentahoSystem.java:322)
	at org.pentaho.platform.engine.core.system.PentahoSystem.init(PentahoSystem.java:289)
	at org.pentaho.platform.engine.core.system.PentahoSystem.init(PentahoSystem.java:206)
	at org.pentaho.platform.web.http.context.SolutionContextListener.contextInitialized(SolutionContextListener.java:136)
	at org.apache.catalina.core.StandardContext.listenerStart(StandardContext.java:3764)
	at org.apache.catalina.core.StandardContext.start(StandardContext.java:4216)
	at org.apache.catalina.core.ContainerBase.addChildInternal(ContainerBase.java:760)
	at org.apache.catalina.core.ContainerBase.addChild(ContainerBase.java:740)
	at org.apache.catalina.core.StandardHost.addChild(StandardHost.java:544)
	at org.apache.catalina.startup.HostConfig.deployDirectory(HostConfig.java:926)
	at org.apache.catalina.startup.HostConfig.deployDirectories(HostConfig.java:889)
	at org.apache.catalina.startup.HostConfig.deployApps(HostConfig.java:492)
	at org.apache.catalina.startup.HostConfig.start(HostConfig.java:1149)
	at org.apache.catalina.startup.HostConfig.lifecycleEvent(HostConfig.java:311)
	at org.apache.catalina.util.LifecycleSupport.fireLifecycleEvent(LifecycleSupport.java:120)
	at org.apache.catalina.core.ContainerBase.start(ContainerBase.java:1022)
	at org.apache.catalina.core.StandardHost.start(StandardHost.java:736)
	at org.apache.catalina.core.ContainerBase.start(ContainerBase.java:1014)
	at org.apache.catalina.core.StandardEngine.start(StandardEngine.java:443)
	at org.apache.catalina.core.StandardService.start(StandardService.java:448)
	at org.apache.catalina.core.StandardServer.start(StandardServer.java:700)
	at org.apache.catalina.startup.Catalina.start(Catalina.java:552)
	at sun.reflect.NativeMethodAccessorImpl.invoke0(Native Method)
	at sun.reflect.NativeMethodAccessorImpl.invoke(Unknown Source)
	at sun.reflect.DelegatingMethodAccessorImpl.invoke(Unknown Source)
	at java.lang.reflect.Method.invoke(Unknown Source)
	at org.apache.catalina.startup.Bootstrap.start(Bootstrap.java:295)
	at org.apache.catalina.startup.Bootstrap.main(Bootstrap.java:433)


** END NESTED EXCEPTION **



Last packet sent to the server was 0 ms ago.
2011-08-23 22:09:36,899 WARN  [org.apache.axis2.description.AxisService] Unable to generate EPR for the transport : http
2011-08-23 22:09:38,842 WARN  [org.apache.axis2.description.AxisService] Unable to generate EPR for the transport : http
2011-08-23 22:09:39,097 WARN  [org.apache.axis2.description.AxisService] Unable to generate EPR for the transport : http
2011-08-23 22:09:39,281 WARN  [org.apache.axis2.description.AxisService] Unable to generate EPR for the transport : http
