INFO  05-06 11:13:45,790 - Using "C:\Users\Gabriel\AppData\Local\Temp\vfs_cache" as temporary files store.
INFO  05-06 11:13:46,405 - Kitchen - Kitchen
INFO  05-06 11:13:46,407 - Kitchen - Kitchen
INFO  05-06 11:13:46,436 - RepositoriesMeta - Reading repositories XML file: C:\Users\Gabriel\.kettle\repositories.xml
ERROR: No repository provided, can't load job.
INFO  05-06 11:13:46,602 - DisponibilidadProductos - Start of job execution
INFO  05-06 11:13:46,606 - DisponibilidadProductos - Starting entry [Dim_Color]
INFO  05-06 11:13:46,609 - Dim_Color - Loading transformation from XML file [D:\Gabu\ArchivosBI\Dim_Color.ktr]
INFO  05-06 11:13:46,964 - Dim_Color - Dispatching started for transformation [Dim_Color]
INFO  05-06 11:13:46,979 - Dim_Color - This transformation can be replayed with replay date: 2011/06/05 11:13:46
INFO  05-06 11:13:47,366 - Color - Finished reading query, closing connection.
INFO  05-06 11:13:47,371 - Color - Finished processing (I=6, O=0, R=0, W=6, U=0, E=0)
INFO  05-06 11:13:47,452 - Combinacion Color - Finished processing (I=6, O=0, R=6, W=6, U=0, E=0)
INFO  05-06 11:13:47,456 - DisponibilidadProductos - Starting entry [Dim_Marca]
INFO  05-06 11:13:47,457 - Dim_Marca - Loading transformation from XML file [D:\Gabu\ArchivosBI\Dim_Marca.ktr]
INFO  05-06 11:13:47,497 - Dim_Marca - Dispatching started for transformation [Dim_Marca]
INFO  05-06 11:13:47,498 - Dim_Marca - This transformation can be replayed with replay date: 2011/06/05 11:13:47
INFO  05-06 11:13:47,550 - Marca - Finished reading query, closing connection.
INFO  05-06 11:13:47,552 - Marca - Finished processing (I=4, O=0, R=0, W=4, U=0, E=0)
INFO  05-06 11:13:47,599 - Combinacion Marca - Finished processing (I=4, O=0, R=4, W=4, U=0, E=0)
INFO  05-06 11:13:47,601 - DisponibilidadProductos - Starting entry [Dim_Modelo]
INFO  05-06 11:13:47,602 - Dim_Modelo - Loading transformation from XML file [D:\Gabu\ArchivosBI\Dim_Modelo.ktr]
INFO  05-06 11:13:47,635 - Dim_Modelo - Dispatching started for transformation [Dim_Modelo]
INFO  05-06 11:13:47,637 - Dim_Modelo - This transformation can be replayed with replay date: 2011/06/05 11:13:47
INFO  05-06 11:13:47,658 - Modelo - Finished reading query, closing connection.
INFO  05-06 11:13:47,659 - Modelo - Finished processing (I=8, O=0, R=0, W=8, U=0, E=0)
INFO  05-06 11:13:47,727 - Combinacion Modelo - Finished processing (I=8, O=0, R=8, W=8, U=0, E=0)
INFO  05-06 11:13:47,730 - DisponibilidadProductos - Starting entry [Dim_Tamaño]
INFO  05-06 11:13:47,731 - Dim_Tamaño - Loading transformation from XML file [D:\Gabu\ArchivosBI\Dim_Tamanio.ktr]
INFO  05-06 11:13:47,771 - Dim_Tamaño - Dispatching started for transformation [Dim_Tamaño]
INFO  05-06 11:13:47,772 - Dim_Tamaño - This transformation can be replayed with replay date: 2011/06/05 11:13:47
INFO  05-06 11:13:47,816 - Tamaño - Finished reading query, closing connection.
INFO  05-06 11:13:47,818 - Tamaño - Finished processing (I=3, O=0, R=0, W=3, U=0, E=0)
INFO  05-06 11:13:47,847 - Combinacion Tamaño - Finished processing (I=3, O=0, R=3, W=3, U=0, E=0)
INFO  05-06 11:13:47,850 - DisponibilidadProductos - Starting entry [Fac_DisponibilidadProductosTerminados]
INFO  05-06 11:13:47,851 - Fac_DisponibilidadProductosTerminados - Loading transformation from XML file [D:\Gabu\ArchivosBI\Fac_DisponibilidadProductosTerminados.ktr]
INFO  05-06 11:13:47,966 - Fac_DisponibilidadProductosTerminados - Dispatching started for transformation [Fac_DisponibilidadProductosTerminados]
INFO  05-06 11:13:48,011 - Fac_DisponibilidadProductosTerminados - This transformation can be replayed with replay date: 2011/06/05 11:13:48
INFO  05-06 11:13:48,266 - Inventario - Finished reading query, closing connection.
INFO  05-06 11:13:48,291 - Color - Finished reading query, closing connection.
INFO  05-06 11:13:48,291 - Marca - Finished reading query, closing connection.
INFO  05-06 11:13:48,291 - Distribucion - Finished reading query, closing connection.
INFO  05-06 11:13:48,291 - Modelo - Finished reading query, closing connection.
INFO  05-06 11:13:48,292 - Color - Finished processing (I=6, O=0, R=0, W=6, U=0, E=0)
INFO  05-06 11:13:48,292 - Marca - Finished processing (I=4, O=0, R=0, W=4, U=0, E=0)
INFO  05-06 11:13:48,292 - Distribucion - Finished processing (I=32, O=0, R=0, W=32, U=0, E=0)
INFO  05-06 11:13:48,292 - Tamaño - Finished reading query, closing connection.
INFO  05-06 11:13:48,293 - Inventario - Finished processing (I=58, O=0, R=0, W=58, U=0, E=0)
INFO  05-06 11:13:48,293 - Modelo - Finished processing (I=8, O=0, R=0, W=8, U=0, E=0)
INFO  05-06 11:13:48,294 - Tamaño - Finished processing (I=3, O=0, R=0, W=3, U=0, E=0)
INFO  05-06 11:13:48,303 - ProductoTerminado - Finished reading query, closing connection.
INFO  05-06 11:13:48,305 - ProductoTerminado - Finished processing (I=59, O=0, R=0, W=59, U=0, E=0)
INFO  05-06 11:13:48,577 - Tiempo - Finished reading query, closing connection.
INFO  05-06 11:13:48,578 - Tiempo - Finished processing (I=5000, O=0, R=0, W=10000, U=0, E=0)
INFO  05-06 11:13:48,608 - ColorProductoTerminado - Finished processing (I=0, O=0, R=65, W=59, U=0, E=0)
INFO  05-06 11:13:48,612 - AdecuarProductoTerminado - Finished processing (I=0, O=0, R=59, W=59, U=0, E=0)
INFO  05-06 11:13:48,619 - OrdenarModelo - Finished processing (I=0, O=0, R=59, W=59, U=0, E=0)
INFO  05-06 11:13:48,926 - ModeloProductoTerminado - Finished processing (I=0, O=0, R=67, W=59, U=0, E=0)
INFO  05-06 11:13:48,931 - AdecuarMarca - Finished processing (I=0, O=0, R=59, W=59, U=0, E=0)
INFO  05-06 11:13:48,937 - OrdenarMarca - Finished processing (I=0, O=0, R=59, W=59, U=0, E=0)
INFO  05-06 11:13:49,244 - MarcaProductoTerminado - Finished processing (I=0, O=0, R=63, W=59, U=0, E=0)
INFO  05-06 11:13:49,248 - AdecuarTamaño - Finished processing (I=0, O=0, R=59, W=59, U=0, E=0)
INFO  05-06 11:13:49,254 - OrdenarTamaño - Finished processing (I=0, O=0, R=59, W=59, U=0, E=0)
INFO  05-06 11:13:49,558 - TamañoProductoTerminado - Finished processing (I=0, O=0, R=62, W=59, U=0, E=0)
INFO  05-06 11:13:49,563 - Select values - Finished processing (I=0, O=0, R=59, W=59, U=0, E=0)
INFO  05-06 11:13:49,569 - OrdenarFecha - Finished processing (I=0, O=0, R=59, W=59, U=0, E=0)
INFO  05-06 11:13:49,884 - FechaIngresoProducto - Finished processing (I=0, O=0, R=5059, W=9, U=0, E=0)
INFO  05-06 11:13:49,887 - AdecuarFechaIngreso - Finished processing (I=0, O=0, R=9, W=9, U=0, E=0)
INFO  05-06 11:13:49,891 - OrdenarPorId - Finished processing (I=0, O=0, R=9, W=9, U=0, E=0)
INFO  05-06 11:13:50,195 - ProductoTerminadoInventario - Finished processing (I=0, O=0, R=67, W=8, U=0, E=0)
INFO  05-06 11:13:50,199 - AdecuarInventario - Finished processing (I=0, O=0, R=8, W=8, U=0, E=0)
INFO  05-06 11:13:50,202 - OrdenarPorInventario - Finished processing (I=0, O=0, R=8, W=8, U=0, E=0)
INFO  05-06 11:13:50,508 - ProductoTerminadoDistribucion - Finished processing (I=0, O=0, R=40, W=32, U=0, E=0)
INFO  05-06 11:13:50,512 - AdecuarDistribucion - Finished processing (I=0, O=0, R=32, W=32, U=0, E=0)
INFO  05-06 11:13:50,515 - OrdenarParaUbicacion - Finished processing (I=0, O=0, R=32, W=32, U=0, E=0)
INFO  05-06 11:13:50,519 - Row denormaliser - Finished processing (I=0, O=0, R=32, W=8, U=0, E=0)
INFO  05-06 11:13:50,522 - Get System Info - Finished processing (I=0, O=0, R=8, W=8, U=0, E=0)
INFO  05-06 11:13:50,525 - OrdenarPorFechaHoy - Finished processing (I=0, O=0, R=8, W=8, U=0, E=0)
INFO  05-06 11:13:50,837 - FechaFoto - Finished processing (I=0, O=0, R=5008, W=8, U=0, E=0)
INFO  05-06 11:13:50,840 - AdecuacionFinal - Finished processing (I=0, O=0, R=8, W=8, U=0, E=0)
INFO  05-06 11:13:51,132 - Dimension Disponibilidad Productos - Finished processing (I=8, O=8, R=8, W=8, U=0, E=0)
INFO  05-06 11:13:51,145 - DisponibilidadProductos - Starting entry [Success]
INFO  05-06 11:13:51,146 - DisponibilidadProductos - Finished job entry [Success] (result=[true])
INFO  05-06 11:13:51,146 - DisponibilidadProductos - Finished job entry [Fac_DisponibilidadProductosTerminados] (result=[true])
INFO  05-06 11:13:51,147 - DisponibilidadProductos - Finished job entry [Dim_Tamaño] (result=[true])
INFO  05-06 11:13:51,147 - DisponibilidadProductos - Finished job entry [Dim_Modelo] (result=[true])
INFO  05-06 11:13:51,147 - DisponibilidadProductos - Finished job entry [Dim_Marca] (result=[true])
INFO  05-06 11:13:51,148 - DisponibilidadProductos - Finished job entry [Dim_Color] (result=[true])
INFO  05-06 11:13:51,148 - DisponibilidadProductos - Job execution finished
INFO  05-06 11:13:51,149 - Kitchen - Kitchen
INFO  05-06 11:13:51,149 - Kitchen - Kitchen
INFO  05-06 11:13:51,149 - Kitchen - Kitchen
