INFO  05-06 11:40:32,685 - Using "C:\Users\Gabriel\AppData\Local\Temp\vfs_cache" as temporary files store.
INFO  05-06 11:40:33,332 - Kitchen - Kitchen
INFO  05-06 11:40:33,334 - Kitchen - Kitchen
INFO  05-06 11:40:33,364 - RepositoriesMeta - Reading repositories XML file: C:\Users\Gabriel\.kettle\repositories.xml
ERROR: No repository provided, can't load job.
INFO  05-06 11:40:33,505 - Rendimiento_Producto - Start of job execution
INFO  05-06 11:40:33,508 - Rendimiento_Producto - Starting entry [Dim_ProductoFabricado]
INFO  05-06 11:40:33,511 - Dim_ProductoFabricado - Loading transformation from XML file [D:\Gabu\ArchivosBI\Dim_ProductoFabricado.ktr]
INFO  05-06 11:40:34,113 - Dim_ProductoFabricado - Dispatching started for transformation [Dim_ProductoFabricado]
INFO  05-06 11:40:34,144 - Dim_ProductoFabricado - This transformation can be replayed with replay date: 2011/06/05 11:40:34
INFO  05-06 11:40:34,493 - ProductoFabricado - Finished reading query, closing connection.
INFO  05-06 11:40:34,496 - AdecuarProducto - Finished processing (I=0, O=0, R=5, W=5, U=0, E=0)
INFO  05-06 11:40:34,496 - ProductoFabricado - Finished processing (I=5, O=0, R=0, W=5, U=0, E=0)
INFO  05-06 11:40:34,684 - Agregar tipo producto importado - Finished processing (I=0, O=0, R=5, W=5, U=0, E=0)
INFO  05-06 11:40:34,698 - Combination ProductoFabricado - Finished processing (I=5, O=0, R=5, W=5, U=0, E=0)
INFO  05-06 11:40:34,700 - Rendimiento_Producto - Starting entry [Dim_Fabricacion_Rendimiento]
INFO  05-06 11:40:34,701 - Dim_Fabricacion_Rendimiento - Loading transformation from XML file [D:\Gabu\ArchivosBI\Dim_Fabricacion_Rendimiento.ktr]
INFO  05-06 11:40:34,738 - Dim_Fabricacion_Rendimiento - Dispatching started for transformation [Dim_Fabricacion_Rendimiento]
INFO  05-06 11:40:34,746 - Dim_Fabricacion_Rendimiento - This transformation can be replayed with replay date: 2011/06/05 11:40:34
INFO  05-06 11:40:34,845 - Elimina todas las fabricaciones - Finished reading query, closing connection.
INFO  05-06 11:40:34,846 - Elimina todas las fabricaciones - Finished processing (I=0, O=0, R=0, W=1, U=0, E=0)
INFO  05-06 11:40:34,846 - TodosProductosFabricados - Finished reading query, closing connection.
INFO  05-06 11:40:34,846 - Productos - Finished reading query, closing connection.
INFO  05-06 11:40:34,848 - TodosProductosFabricados - Finished processing (I=5, O=0, R=0, W=5, U=0, E=0)
INFO  05-06 11:40:34,849 - Productos - Finished processing (I=5, O=0, R=0, W=5, U=0, E=0)
INFO  05-06 11:40:35,152 - ProductosFabricados - Finished processing (I=0, O=0, R=10, W=5, U=0, E=0)
INFO  05-06 11:40:35,206 - Combinacion Fabricados - Finished processing (I=5, O=5, R=5, W=5, U=0, E=0)
INFO  05-06 11:40:35,209 - Rendimiento_Producto - Starting entry [Dim_Compras_Rendimiento]
INFO  05-06 11:40:35,210 - Dim_Compras_Rendimiento - Loading transformation from XML file [D:\Gabu\ArchivosBI\Dim_Compras_Rendimiento.ktr]
INFO  05-06 11:40:35,241 - Dim_Compras_Rendimiento - Dispatching started for transformation [Dim_Compras_Rendimiento]
INFO  05-06 11:40:35,244 - Dim_Compras_Rendimiento - This transformation can be replayed with replay date: 2011/06/05 11:40:35
INFO  05-06 11:40:35,298 - Elimina todas las compras - Finished reading query, closing connection.
INFO  05-06 11:40:35,301 - Elimina todas las compras - Finished processing (I=0, O=0, R=0, W=1, U=0, E=0)
INFO  05-06 11:40:35,303 - Productos - Finished reading query, closing connection.
INFO  05-06 11:40:35,303 - TodasCompras - Finished reading query, closing connection.
INFO  05-06 11:40:35,305 - Productos - Finished processing (I=4, O=0, R=0, W=4, U=0, E=0)
INFO  05-06 11:40:35,306 - TodasCompras - Finished processing (I=4, O=0, R=0, W=4, U=0, E=0)
INFO  05-06 11:40:35,609 - ProductosFabricados - Finished processing (I=0, O=0, R=8, W=4, U=0, E=0)
INFO  05-06 11:40:35,644 - Combinacion Compras - Finished processing (I=4, O=4, R=4, W=4, U=0, E=0)
INFO  05-06 11:40:35,648 - Rendimiento_Producto - Starting entry [Dim_Ventas_Rendimiento]
INFO  05-06 11:40:35,649 - Dim_Ventas_Rendimiento - Loading transformation from XML file [D:\Gabu\ArchivosBI\Dim_Ventas_Rendimiento.ktr]
INFO  05-06 11:40:35,686 - Dim_Ventas_Rendimiento - Dispatching started for transformation [Dim_Ventas_Rendimiento]
INFO  05-06 11:40:35,688 - Dim_Ventas_Rendimiento - This transformation can be replayed with replay date: 2011/06/05 11:40:35
INFO  05-06 11:40:35,738 - Elimina todas las ventas - Finished reading query, closing connection.
INFO  05-06 11:40:35,739 - Elimina todas las ventas - Finished processing (I=0, O=0, R=0, W=1, U=0, E=0)
INFO  05-06 11:40:35,740 - TodasVentas - Finished reading query, closing connection.
INFO  05-06 11:40:35,740 - Productos - Finished reading query, closing connection.
INFO  05-06 11:40:35,742 - Productos - Finished processing (I=9, O=0, R=0, W=9, U=0, E=0)
INFO  05-06 11:40:35,742 - TodasVentas - Finished processing (I=1, O=0, R=0, W=1, U=0, E=0)
INFO  05-06 11:40:36,046 - ProductosFabricados - Finished processing (I=0, O=0, R=10, W=1, U=0, E=0)
INFO  05-06 11:40:36,084 - Combinacion Compras - Finished processing (I=1, O=1, R=1, W=1, U=0, E=0)
INFO  05-06 11:40:36,088 - Rendimiento_Producto - Starting entry [Eliminar_Filas_Nulas_Compras]
INFO  05-06 11:40:36,113 - Rendimiento_Producto - Starting entry [Fac_Rendimiento_Producto]
INFO  05-06 11:40:36,114 - Fac_Rendimiento_Producto - Loading transformation from XML file [D:\Gabu\ArchivosBI\Fac_Rendimiento_Producto.ktr]
INFO  05-06 11:40:36,162 - Fac_Rendimiento_Producto - Dispatching started for transformation [Fac_Rendimiento_Producto]
INFO  05-06 11:40:36,178 - Fac_Rendimiento_Producto - This transformation can be replayed with replay date: 2011/06/05 11:40:36
INFO  05-06 11:40:36,220 - ComprasDeProducto - Finished reading query, closing connection.
INFO  05-06 11:40:36,222 - ComprasDeProducto - Finished processing (I=4, O=0, R=0, W=4, U=0, E=0)
INFO  05-06 11:40:36,222 - RendimientosDiaAnterior - Finished reading query, closing connection.
INFO  05-06 11:40:36,223 - VentasDeProducto - Finished reading query, closing connection.
INFO  05-06 11:40:36,225 - VentasDeProducto - Finished processing (I=1, O=0, R=0, W=1, U=0, E=0)
INFO  05-06 11:40:36,506 - Tiempo - Finished reading query, closing connection.
INFO  05-06 11:40:36,508 - Tiempo - Finished processing (I=5000, O=0, R=0, W=5000, U=0, E=0)
INFO  05-06 11:40:36,528 - ProductosRendimiento - Finished processing (I=0, O=0, R=5, W=1, U=0, E=0)
INFO  05-06 11:40:36,531 - AdecuarProductos - Finished processing (I=0, O=0, R=1, W=1, U=0, E=0)
INFO  05-06 11:40:36,837 - RendimientoDiaAnterior - Finished processing (I=0, O=0, R=1, W=1, U=0, E=0)
INFO  05-06 11:40:36,840 - AdecuarConDiaAnterior - Finished processing (I=0, O=0, R=1, W=1, U=0, E=0)
INFO  05-06 11:40:36,842 - CalcularValores - Finished processing (I=0, O=0, R=1, W=1, U=0, E=0)
INFO  05-06 11:40:36,845 - Obtener Fecha Foto - Finished processing (I=0, O=0, R=1, W=1, U=0, E=0)
INFO  05-06 11:40:37,136 - FechaHoy - Finished processing (I=0, O=0, R=5001, W=1, U=0, E=0)
INFO  05-06 11:40:37,138 - AdecuacionFinal - Finished processing (I=0, O=0, R=1, W=1, U=0, E=0)
INFO  05-06 11:40:37,183 - Dimension Rendimiento Productos - Finished processing (I=1, O=1, R=1, W=1, U=0, E=0)
INFO  05-06 11:40:37,187 - Rendimiento_Producto - Starting entry [Eliminar_Filas_Nulas_Rendimiento]
INFO  05-06 11:40:37,199 - Rendimiento_Producto - Starting entry [Success]
INFO  05-06 11:40:37,200 - Rendimiento_Producto - Finished job entry [Success] (result=[true])
INFO  05-06 11:40:37,200 - Rendimiento_Producto - Finished job entry [Eliminar_Filas_Nulas_Rendimiento] (result=[true])
INFO  05-06 11:40:37,200 - Rendimiento_Producto - Finished job entry [Fac_Rendimiento_Producto] (result=[true])
INFO  05-06 11:40:37,200 - Rendimiento_Producto - Finished job entry [Eliminar_Filas_Nulas_Compras] (result=[true])
INFO  05-06 11:40:37,201 - Rendimiento_Producto - Finished job entry [Dim_Ventas_Rendimiento] (result=[true])
INFO  05-06 11:40:37,201 - Rendimiento_Producto - Finished job entry [Dim_Compras_Rendimiento] (result=[true])
INFO  05-06 11:40:37,201 - Rendimiento_Producto - Finished job entry [Dim_Fabricacion_Rendimiento] (result=[true])
INFO  05-06 11:40:37,201 - Rendimiento_Producto - Finished job entry [Dim_ProductoFabricado] (result=[true])
INFO  05-06 11:40:37,201 - Rendimiento_Producto - Job execution finished
INFO  05-06 11:40:37,202 - Kitchen - Kitchen
INFO  05-06 11:40:37,202 - Kitchen - Kitchen
INFO  05-06 11:40:37,202 - Kitchen - Kitchen
