19/03/2011 17:14:17 org.apache.catalina.core.AprLifecycleListener lifecycleEvent
INFO: The Apache Tomcat Native library which allows optimal performance in production environments was not found on the java.library.path: D:\Documents\NetBeansProjects\TESIS\Pentaho\biserver-ce\jre\bin;.;C:\Windows\Sun\Java\bin;C:\Windows\system32;C:\Windows;C:\Program Files (x86)\NVIDIA Corporation\PhysX\Common;C:\Program Files (x86)\CollabNet\Subversion Client;C:\Program Files\Common Files\Microsoft Shared\Windows Live;C:\Program Files (x86)\Common Files\Microsoft Shared\Windows Live;C:\Windows\system32;C:\Windows;C:\Windows\System32\Wbem;C:\Windows\System32\WindowsPowerShell\v1.0\;C:\Program Files (x86)\Windows Live\Shared;C:\Program Files\TortoiseSVN\bin;C:\Program Files\Mercurial;
19/03/2011 17:14:17 org.apache.coyote.http11.Http11BaseProtocol init
INFO: Inicializando Coyote HTTP/1.1 en puerto http-8080
19/03/2011 17:14:17 org.apache.catalina.startup.Catalina load
INFO: Initialization processed in 1388 ms
19/03/2011 17:14:17 org.apache.catalina.core.StandardService start
INFO: Arrancando servicio Catalina
19/03/2011 17:14:17 org.apache.catalina.core.StandardEngine start
INFO: Starting Servlet Engine: Apache Tomcat/5.5.26
19/03/2011 17:14:17 org.apache.catalina.core.StandardHost start
INFO: Desactivada la validación XML
19/03/2011 17:14:25 org.apache.catalina.startup.ContextConfig validateSecurityRoles
ADVERTENCIA: El nombre de papel de seguridad PENTAHO_ADMIN es usado en un <auth-constraint> sin haber sido definido en <security-role>
19/03/2011 17:14:52 org.apache.coyote.http11.Http11BaseProtocol start
INFO: Arrancando Coyote HTTP/1.1 en puerto http-8080
19/03/2011 17:14:52 org.apache.jk.common.ChannelSocket init
INFO: JK: ajp13 listening on /0.0.0.0:8009
19/03/2011 17:14:52 org.apache.jk.server.JkMain start
INFO: Jk running ID=0 time=0/26  config=null
19/03/2011 17:14:52 org.apache.catalina.storeconfig.StoreLoader load
INFO: Find registry server-registry.xml at classpath resource
19/03/2011 17:14:52 org.apache.catalina.startup.Catalina start
INFO: Server startup in 34961 ms
