28/12/2010 22:31:05 org.apache.catalina.core.AprLifecycleListener lifecycleEvent
INFO: The Apache Tomcat Native library which allows optimal performance in production environments was not found on the java.library.path: C:\Program Files (x86)\Java\jdk1.6.0_20\bin;.;C:\Windows\Sun\Java\bin;C:\Windows\system32;C:\Windows;C:\Program Files (x86)\CollabNet\Subversion Client;C:\Windows\system32;C:\Windows;C:\Windows\System32\Wbem;C:\Windows\System32\WindowsPowerShell\v1.0\;C:\Program Files\Dell\DW WLAN Card;c:\Program Files (x86)\ATI Technologies\ATI.ACE\Core-Static;c:\Program Files (x86)\Common Files\Roxio Shared\DLLShared\;C:\Program Files\TortoiseSVN\bin;C:\Program Files (x86)\Common Files\Acronis\SnapAPI\;C:\Program Files (x86)\Rational\common;C:\Program Files (x86)\Microsoft SQL Server\80\Tools\Binn\;C:\Program Files (x86)\Microsoft SQL Server\90\Tools\binn\;C:\Program Files (x86)\Microsoft SQL Server\100\Tools\Binn\;C:\Program Files\Microsoft SQL Server\100\Tools\Binn\;C:\Program Files\Microsoft SQL Server\100\DTS\Binn\
28/12/2010 22:31:05 org.apache.coyote.http11.Http11BaseProtocol init
INFO: Inicializando Coyote HTTP/1.1 en puerto http-8080
28/12/2010 22:31:05 org.apache.catalina.startup.Catalina load
INFO: Initialization processed in 1407 ms
28/12/2010 22:31:05 org.apache.catalina.core.StandardService start
INFO: Arrancando servicio Catalina
28/12/2010 22:31:05 org.apache.catalina.core.StandardEngine start
INFO: Starting Servlet Engine: Apache Tomcat/5.5.26
28/12/2010 22:31:05 org.apache.catalina.core.StandardHost start
INFO: Desactivada la validación XML
28/12/2010 22:31:13 org.apache.catalina.startup.ContextConfig validateSecurityRoles
ADVERTENCIA: El nombre de papel de seguridad PENTAHO_ADMIN es usado en un <auth-constraint> sin haber sido definido en <security-role>
28/12/2010 22:31:30 org.apache.coyote.http11.Http11BaseProtocol start
INFO: Arrancando Coyote HTTP/1.1 en puerto http-8080
28/12/2010 22:31:30 org.apache.jk.common.ChannelSocket init
INFO: JK: ajp13 listening on /0.0.0.0:8009
28/12/2010 22:31:30 org.apache.jk.server.JkMain start
INFO: Jk running ID=0 time=0/35  config=null
28/12/2010 22:31:30 org.apache.catalina.storeconfig.StoreLoader load
INFO: Find registry server-registry.xml at classpath resource
28/12/2010 22:31:30 org.apache.catalina.startup.Catalina start
INFO: Server startup in 25031 ms
