27/10/2010 14:41:08 org.apache.catalina.core.AprLifecycleListener lifecycleEvent
INFO: The Apache Tomcat Native library which allows optimal performance in production environments was not found on the java.library.path: C:\Program Files (x86)\Pentaho\biserver-ce\jre\bin;.;C:\Windows\Sun\Java\bin;C:\Windows\system32;C:\Windows;C:\Program Files (x86)\CollabNet\Subversion Client;C:\Windows\system32;C:\Windows;C:\Windows\System32\Wbem;C:\Windows\System32\WindowsPowerShell\v1.0\;C:\Program Files\Dell\DW WLAN Card;c:\Program Files (x86)\ATI Technologies\ATI.ACE\Core-Static;c:\Program Files (x86)\Common Files\Roxio Shared\DLLShared\;C:\Program Files\TortoiseSVN\bin;C:\Program Files (x86)\Common Files\Acronis\SnapAPI\;C:\Program Files (x86)\Rational\common;C:\Program Files (x86)\Microsoft SQL Server\80\Tools\Binn\;C:\Program Files (x86)\Microsoft SQL Server\90\Tools\binn\;
27/10/2010 14:41:08 org.apache.coyote.http11.Http11BaseProtocol init
GRAVE: Error inicializando punto final (endpoint)
java.net.SocketException: Unrecognized Windows Sockets error: 0: JVM_Bind
	at java.net.PlainSocketImpl.socketBind(Native Method)
	at java.net.PlainSocketImpl.bind(Unknown Source)
	at java.net.ServerSocket.bind(Unknown Source)
	at java.net.ServerSocket.<init>(Unknown Source)
	at java.net.ServerSocket.<init>(Unknown Source)
	at org.apache.tomcat.util.net.DefaultServerSocketFactory.createSocket(DefaultServerSocketFactory.java:50)
	at org.apache.tomcat.util.net.PoolTcpEndpoint.initEndpoint(PoolTcpEndpoint.java:293)
	at org.apache.coyote.http11.Http11BaseProtocol.init(Http11BaseProtocol.java:139)
	at org.apache.catalina.connector.Connector.initialize(Connector.java:1017)
	at org.apache.catalina.core.StandardService.initialize(StandardService.java:578)
	at org.apache.catalina.core.StandardServer.initialize(StandardServer.java:782)
	at org.apache.catalina.startup.Catalina.load(Catalina.java:504)
	at org.apache.catalina.startup.Catalina.load(Catalina.java:524)
	at sun.reflect.NativeMethodAccessorImpl.invoke0(Native Method)
	at sun.reflect.NativeMethodAccessorImpl.invoke(Unknown Source)
	at sun.reflect.DelegatingMethodAccessorImpl.invoke(Unknown Source)
	at java.lang.reflect.Method.invoke(Unknown Source)
	at org.apache.catalina.startup.Bootstrap.load(Bootstrap.java:267)
	at org.apache.catalina.startup.Bootstrap.main(Bootstrap.java:432)
27/10/2010 14:41:08 org.apache.catalina.startup.Catalina load
GRAVE: Catalina.start
LifecycleException:  Falló la inicialización del manejador de protocolo: java.net.SocketException: Unrecognized Windows Sockets error: 0: JVM_Bind
	at org.apache.catalina.connector.Connector.initialize(Connector.java:1019)
	at org.apache.catalina.core.StandardService.initialize(StandardService.java:578)
	at org.apache.catalina.core.StandardServer.initialize(StandardServer.java:782)
	at org.apache.catalina.startup.Catalina.load(Catalina.java:504)
	at org.apache.catalina.startup.Catalina.load(Catalina.java:524)
	at sun.reflect.NativeMethodAccessorImpl.invoke0(Native Method)
	at sun.reflect.NativeMethodAccessorImpl.invoke(Unknown Source)
	at sun.reflect.DelegatingMethodAccessorImpl.invoke(Unknown Source)
	at java.lang.reflect.Method.invoke(Unknown Source)
	at org.apache.catalina.startup.Bootstrap.load(Bootstrap.java:267)
	at org.apache.catalina.startup.Bootstrap.main(Bootstrap.java:432)
27/10/2010 14:41:08 org.apache.catalina.startup.Catalina load
INFO: Initialization processed in 1659 ms
27/10/2010 14:41:08 org.apache.catalina.core.StandardService start
INFO: Arrancando servicio Catalina
27/10/2010 14:41:08 org.apache.catalina.core.StandardEngine start
INFO: Starting Servlet Engine: Apache Tomcat/5.5.26
27/10/2010 14:41:08 org.apache.catalina.core.StandardHost start
INFO: Desactivada la validación XML
27/10/2010 14:41:17 org.apache.catalina.startup.ContextConfig validateSecurityRoles
ADVERTENCIA: El nombre de papel de seguridad PENTAHO_ADMIN es usado en un <auth-constraint> sin haber sido definido en <security-role>
27/10/2010 14:41:39 org.apache.coyote.http11.Http11BaseProtocol start
GRAVE: Error arrancando punto final (endpoint)
java.net.SocketException: Unrecognized Windows Sockets error: 0: JVM_Bind
	at java.net.PlainSocketImpl.socketBind(Native Method)
	at java.net.PlainSocketImpl.bind(Unknown Source)
	at java.net.ServerSocket.bind(Unknown Source)
	at java.net.ServerSocket.<init>(Unknown Source)
	at java.net.ServerSocket.<init>(Unknown Source)
	at org.apache.tomcat.util.net.DefaultServerSocketFactory.createSocket(DefaultServerSocketFactory.java:50)
	at org.apache.tomcat.util.net.PoolTcpEndpoint.initEndpoint(PoolTcpEndpoint.java:293)
	at org.apache.tomcat.util.net.PoolTcpEndpoint.startEndpoint(PoolTcpEndpoint.java:313)
	at org.apache.coyote.http11.Http11BaseProtocol.start(Http11BaseProtocol.java:151)
	at org.apache.coyote.http11.Http11Protocol.start(Http11Protocol.java:76)
	at org.apache.catalina.connector.Connector.start(Connector.java:1090)
	at org.apache.catalina.core.StandardService.start(StandardService.java:457)
	at org.apache.catalina.core.StandardServer.start(StandardServer.java:700)
	at org.apache.catalina.startup.Catalina.start(Catalina.java:552)
	at sun.reflect.NativeMethodAccessorImpl.invoke0(Native Method)
	at sun.reflect.NativeMethodAccessorImpl.invoke(Unknown Source)
	at sun.reflect.DelegatingMethodAccessorImpl.invoke(Unknown Source)
	at java.lang.reflect.Method.invoke(Unknown Source)
	at org.apache.catalina.startup.Bootstrap.start(Bootstrap.java:295)
	at org.apache.catalina.startup.Bootstrap.main(Bootstrap.java:433)
27/10/2010 14:41:39 org.apache.catalina.startup.Catalina start
GRAVE: Catalina.start: 
LifecycleException:  service.getName(): "Catalina";  Falló el arranque del manejador de protocolo: java.net.SocketException: Unrecognized Windows Sockets error: 0: JVM_Bind
	at org.apache.catalina.connector.Connector.start(Connector.java:1097)
	at org.apache.catalina.core.StandardService.start(StandardService.java:457)
	at org.apache.catalina.core.StandardServer.start(StandardServer.java:700)
	at org.apache.catalina.startup.Catalina.start(Catalina.java:552)
	at sun.reflect.NativeMethodAccessorImpl.invoke0(Native Method)
	at sun.reflect.NativeMethodAccessorImpl.invoke(Unknown Source)
	at sun.reflect.DelegatingMethodAccessorImpl.invoke(Unknown Source)
	at java.lang.reflect.Method.invoke(Unknown Source)
	at org.apache.catalina.startup.Bootstrap.start(Bootstrap.java:295)
	at org.apache.catalina.startup.Bootstrap.main(Bootstrap.java:433)
27/10/2010 14:41:39 org.apache.catalina.startup.Catalina start
INFO: Server startup in 30649 ms
27/10/2010 14:41:48 org.apache.coyote.http11.Http11BaseProtocol pause
INFO: Pausing Coyote HTTP/1.1 on http-8080
27/10/2010 14:41:48 org.apache.catalina.connector.Connector pause
GRAVE: Protocol handler pause failed
java.lang.NullPointerException
	at org.apache.jk.server.JkMain.pause(JkMain.java:679)
	at org.apache.jk.server.JkCoyoteHandler.pause(JkCoyoteHandler.java:163)
	at org.apache.catalina.connector.Connector.pause(Connector.java:1032)
	at org.apache.catalina.core.StandardService.stop(StandardService.java:489)
	at org.apache.catalina.core.StandardServer.stop(StandardServer.java:734)
	at org.apache.catalina.startup.Catalina.stop(Catalina.java:602)
	at org.apache.catalina.startup.Catalina.start(Catalina.java:577)
	at sun.reflect.NativeMethodAccessorImpl.invoke0(Native Method)
	at sun.reflect.NativeMethodAccessorImpl.invoke(Unknown Source)
	at sun.reflect.DelegatingMethodAccessorImpl.invoke(Unknown Source)
	at java.lang.reflect.Method.invoke(Unknown Source)
	at org.apache.catalina.startup.Bootstrap.start(Bootstrap.java:295)
	at org.apache.catalina.startup.Bootstrap.main(Bootstrap.java:433)
27/10/2010 14:41:49 org.apache.catalina.core.StandardService stop
INFO: Parando servicio Catalina
27/10/2010 14:41:53 org.apache.catalina.connector.MapperListener destroy
ADVERTENCIA: Error unregistering MBeanServerDelegate
java.lang.NullPointerException
	at org.apache.catalina.connector.MapperListener.destroy(MapperListener.java:162)
	at org.apache.catalina.connector.Connector.stop(Connector.java:1138)
	at org.apache.catalina.core.StandardService.stop(StandardService.java:519)
	at org.apache.catalina.core.StandardServer.stop(StandardServer.java:734)
	at org.apache.catalina.startup.Catalina.stop(Catalina.java:602)
	at org.apache.catalina.startup.Catalina.start(Catalina.java:577)
	at sun.reflect.NativeMethodAccessorImpl.invoke0(Native Method)
	at sun.reflect.NativeMethodAccessorImpl.invoke(Unknown Source)
	at sun.reflect.DelegatingMethodAccessorImpl.invoke(Unknown Source)
	at java.lang.reflect.Method.invoke(Unknown Source)
	at org.apache.catalina.startup.Bootstrap.start(Bootstrap.java:295)
	at org.apache.catalina.startup.Bootstrap.main(Bootstrap.java:433)
27/10/2010 14:41:53 org.apache.coyote.http11.Http11BaseProtocol destroy
INFO: Stopping Coyote HTTP/1.1 on http-8080
27/10/2010 14:41:53 org.apache.catalina.connector.Connector stop
GRAVE: El conector Coyote no ha sido arrancado
27/10/2010 14:41:53 org.apache.catalina.core.AprLifecycleListener lifecycleEvent
INFO: Failed shutdown of Apache Portable Runtime
27/10/2010 14:42:10 org.apache.catalina.core.AprLifecycleListener lifecycleEvent
INFO: The Apache Tomcat Native library which allows optimal performance in production environments was not found on the java.library.path: C:\Program Files (x86)\Pentaho\biserver-ce\jre\bin;.;C:\Windows\Sun\Java\bin;C:\Windows\system32;C:\Windows;C:\Program Files (x86)\CollabNet\Subversion Client;C:\Windows\system32;C:\Windows;C:\Windows\System32\Wbem;C:\Windows\System32\WindowsPowerShell\v1.0\;C:\Program Files\Dell\DW WLAN Card;c:\Program Files (x86)\ATI Technologies\ATI.ACE\Core-Static;c:\Program Files (x86)\Common Files\Roxio Shared\DLLShared\;C:\Program Files\TortoiseSVN\bin;C:\Program Files (x86)\Common Files\Acronis\SnapAPI\;C:\Program Files (x86)\Rational\common;C:\Program Files (x86)\Microsoft SQL Server\80\Tools\Binn\;C:\Program Files (x86)\Microsoft SQL Server\90\Tools\binn\;
27/10/2010 14:42:10 org.apache.coyote.http11.Http11BaseProtocol init
GRAVE: Error inicializando punto final (endpoint)
java.net.SocketException: Unrecognized Windows Sockets error: 0: JVM_Bind
	at java.net.PlainSocketImpl.socketBind(Native Method)
	at java.net.PlainSocketImpl.bind(Unknown Source)
	at java.net.ServerSocket.bind(Unknown Source)
	at java.net.ServerSocket.<init>(Unknown Source)
	at java.net.ServerSocket.<init>(Unknown Source)
	at org.apache.tomcat.util.net.DefaultServerSocketFactory.createSocket(DefaultServerSocketFactory.java:50)
	at org.apache.tomcat.util.net.PoolTcpEndpoint.initEndpoint(PoolTcpEndpoint.java:293)
	at org.apache.coyote.http11.Http11BaseProtocol.init(Http11BaseProtocol.java:139)
	at org.apache.catalina.connector.Connector.initialize(Connector.java:1017)
	at org.apache.catalina.core.StandardService.initialize(StandardService.java:578)
	at org.apache.catalina.core.StandardServer.initialize(StandardServer.java:782)
	at org.apache.catalina.startup.Catalina.load(Catalina.java:504)
	at org.apache.catalina.startup.Catalina.load(Catalina.java:524)
	at sun.reflect.NativeMethodAccessorImpl.invoke0(Native Method)
	at sun.reflect.NativeMethodAccessorImpl.invoke(Unknown Source)
	at sun.reflect.DelegatingMethodAccessorImpl.invoke(Unknown Source)
	at java.lang.reflect.Method.invoke(Unknown Source)
	at org.apache.catalina.startup.Bootstrap.load(Bootstrap.java:267)
	at org.apache.catalina.startup.Bootstrap.main(Bootstrap.java:432)
27/10/2010 14:42:10 org.apache.catalina.startup.Catalina load
GRAVE: Catalina.start
LifecycleException:  Falló la inicialización del manejador de protocolo: java.net.SocketException: Unrecognized Windows Sockets error: 0: JVM_Bind
	at org.apache.catalina.connector.Connector.initialize(Connector.java:1019)
	at org.apache.catalina.core.StandardService.initialize(StandardService.java:578)
	at org.apache.catalina.core.StandardServer.initialize(StandardServer.java:782)
	at org.apache.catalina.startup.Catalina.load(Catalina.java:504)
	at org.apache.catalina.startup.Catalina.load(Catalina.java:524)
	at sun.reflect.NativeMethodAccessorImpl.invoke0(Native Method)
	at sun.reflect.NativeMethodAccessorImpl.invoke(Unknown Source)
	at sun.reflect.DelegatingMethodAccessorImpl.invoke(Unknown Source)
	at java.lang.reflect.Method.invoke(Unknown Source)
	at org.apache.catalina.startup.Bootstrap.load(Bootstrap.java:267)
	at org.apache.catalina.startup.Bootstrap.main(Bootstrap.java:432)
27/10/2010 14:42:10 org.apache.catalina.startup.Catalina load
INFO: Initialization processed in 398 ms
27/10/2010 14:42:10 org.apache.catalina.core.StandardService start
INFO: Arrancando servicio Catalina
27/10/2010 14:42:10 org.apache.catalina.core.StandardEngine start
INFO: Starting Servlet Engine: Apache Tomcat/5.5.26
27/10/2010 14:42:10 org.apache.catalina.core.StandardHost start
INFO: Desactivada la validación XML
27/10/2010 14:42:11 org.apache.catalina.startup.ContextConfig validateSecurityRoles
ADVERTENCIA: El nombre de papel de seguridad PENTAHO_ADMIN es usado en un <auth-constraint> sin haber sido definido en <security-role>
27/10/2010 14:42:21 org.apache.coyote.http11.Http11BaseProtocol start
GRAVE: Error arrancando punto final (endpoint)
java.net.SocketException: Unrecognized Windows Sockets error: 0: JVM_Bind
	at java.net.PlainSocketImpl.socketBind(Native Method)
	at java.net.PlainSocketImpl.bind(Unknown Source)
	at java.net.ServerSocket.bind(Unknown Source)
	at java.net.ServerSocket.<init>(Unknown Source)
	at java.net.ServerSocket.<init>(Unknown Source)
	at org.apache.tomcat.util.net.DefaultServerSocketFactory.createSocket(DefaultServerSocketFactory.java:50)
	at org.apache.tomcat.util.net.PoolTcpEndpoint.initEndpoint(PoolTcpEndpoint.java:293)
	at org.apache.tomcat.util.net.PoolTcpEndpoint.startEndpoint(PoolTcpEndpoint.java:313)
	at org.apache.coyote.http11.Http11BaseProtocol.start(Http11BaseProtocol.java:151)
	at org.apache.coyote.http11.Http11Protocol.start(Http11Protocol.java:76)
	at org.apache.catalina.connector.Connector.start(Connector.java:1090)
	at org.apache.catalina.core.StandardService.start(StandardService.java:457)
	at org.apache.catalina.core.StandardServer.start(StandardServer.java:700)
	at org.apache.catalina.startup.Catalina.start(Catalina.java:552)
	at sun.reflect.NativeMethodAccessorImpl.invoke0(Native Method)
	at sun.reflect.NativeMethodAccessorImpl.invoke(Unknown Source)
	at sun.reflect.DelegatingMethodAccessorImpl.invoke(Unknown Source)
	at java.lang.reflect.Method.invoke(Unknown Source)
	at org.apache.catalina.startup.Bootstrap.start(Bootstrap.java:295)
	at org.apache.catalina.startup.Bootstrap.main(Bootstrap.java:433)
27/10/2010 14:42:21 org.apache.catalina.startup.Catalina start
GRAVE: Catalina.start: 
LifecycleException:  service.getName(): "Catalina";  Falló el arranque del manejador de protocolo: java.net.SocketException: Unrecognized Windows Sockets error: 0: JVM_Bind
	at org.apache.catalina.connector.Connector.start(Connector.java:1097)
	at org.apache.catalina.core.StandardService.start(StandardService.java:457)
	at org.apache.catalina.core.StandardServer.start(StandardServer.java:700)
	at org.apache.catalina.startup.Catalina.start(Catalina.java:552)
	at sun.reflect.NativeMethodAccessorImpl.invoke0(Native Method)
	at sun.reflect.NativeMethodAccessorImpl.invoke(Unknown Source)
	at sun.reflect.DelegatingMethodAccessorImpl.invoke(Unknown Source)
	at java.lang.reflect.Method.invoke(Unknown Source)
	at org.apache.catalina.startup.Bootstrap.start(Bootstrap.java:295)
	at org.apache.catalina.startup.Bootstrap.main(Bootstrap.java:433)
27/10/2010 14:42:21 org.apache.catalina.startup.Catalina start
INFO: Server startup in 11223 ms
27/10/2010 14:43:34 org.apache.catalina.startup.Catalina stopServer
GRAVE: Catalina.stop: 
java.net.ConnectException: Connection refused: connect
	at java.net.PlainSocketImpl.socketConnect(Native Method)
	at java.net.PlainSocketImpl.doConnect(Unknown Source)
	at java.net.PlainSocketImpl.connectToAddress(Unknown Source)
	at java.net.PlainSocketImpl.connect(Unknown Source)
	at java.net.SocksSocketImpl.connect(Unknown Source)
	at java.net.Socket.connect(Unknown Source)
	at java.net.Socket.connect(Unknown Source)
	at java.net.Socket.<init>(Unknown Source)
	at java.net.Socket.<init>(Unknown Source)
	at org.apache.catalina.startup.Catalina.stopServer(Catalina.java:395)
	at sun.reflect.NativeMethodAccessorImpl.invoke0(Native Method)
	at sun.reflect.NativeMethodAccessorImpl.invoke(Unknown Source)
	at sun.reflect.DelegatingMethodAccessorImpl.invoke(Unknown Source)
	at java.lang.reflect.Method.invoke(Unknown Source)
	at org.apache.catalina.startup.Bootstrap.stopServer(Bootstrap.java:344)
	at org.apache.catalina.startup.Bootstrap.main(Bootstrap.java:435)
27/10/2010 14:43:50 org.apache.catalina.core.AprLifecycleListener lifecycleEvent
INFO: The Apache Tomcat Native library which allows optimal performance in production environments was not found on the java.library.path: C:\Program Files (x86)\Pentaho\biserver-ce\jre\bin;.;C:\Windows\Sun\Java\bin;C:\Windows\system32;C:\Windows;C:\Program Files (x86)\CollabNet\Subversion Client;C:\Windows\system32;C:\Windows;C:\Windows\System32\Wbem;C:\Windows\System32\WindowsPowerShell\v1.0\;C:\Program Files\Dell\DW WLAN Card;c:\Program Files (x86)\ATI Technologies\ATI.ACE\Core-Static;c:\Program Files (x86)\Common Files\Roxio Shared\DLLShared\;C:\Program Files\TortoiseSVN\bin;C:\Program Files (x86)\Common Files\Acronis\SnapAPI\;C:\Program Files (x86)\Rational\common;C:\Program Files (x86)\Microsoft SQL Server\80\Tools\Binn\;C:\Program Files (x86)\Microsoft SQL Server\90\Tools\binn\;
27/10/2010 14:43:50 org.apache.coyote.http11.Http11BaseProtocol init
GRAVE: Error inicializando punto final (endpoint)
java.net.SocketException: Unrecognized Windows Sockets error: 0: JVM_Bind
	at java.net.PlainSocketImpl.socketBind(Native Method)
	at java.net.PlainSocketImpl.bind(Unknown Source)
	at java.net.ServerSocket.bind(Unknown Source)
	at java.net.ServerSocket.<init>(Unknown Source)
	at java.net.ServerSocket.<init>(Unknown Source)
	at org.apache.tomcat.util.net.DefaultServerSocketFactory.createSocket(DefaultServerSocketFactory.java:50)
	at org.apache.tomcat.util.net.PoolTcpEndpoint.initEndpoint(PoolTcpEndpoint.java:293)
	at org.apache.coyote.http11.Http11BaseProtocol.init(Http11BaseProtocol.java:139)
	at org.apache.catalina.connector.Connector.initialize(Connector.java:1017)
	at org.apache.catalina.core.StandardService.initialize(StandardService.java:578)
	at org.apache.catalina.core.StandardServer.initialize(StandardServer.java:782)
	at org.apache.catalina.startup.Catalina.load(Catalina.java:504)
	at org.apache.catalina.startup.Catalina.load(Catalina.java:524)
	at sun.reflect.NativeMethodAccessorImpl.invoke0(Native Method)
	at sun.reflect.NativeMethodAccessorImpl.invoke(Unknown Source)
	at sun.reflect.DelegatingMethodAccessorImpl.invoke(Unknown Source)
	at java.lang.reflect.Method.invoke(Unknown Source)
	at org.apache.catalina.startup.Bootstrap.load(Bootstrap.java:267)
	at org.apache.catalina.startup.Bootstrap.main(Bootstrap.java:432)
27/10/2010 14:43:50 org.apache.catalina.startup.Catalina load
GRAVE: Catalina.start
LifecycleException:  Falló la inicialización del manejador de protocolo: java.net.SocketException: Unrecognized Windows Sockets error: 0: JVM_Bind
	at org.apache.catalina.connector.Connector.initialize(Connector.java:1019)
	at org.apache.catalina.core.StandardService.initialize(StandardService.java:578)
	at org.apache.catalina.core.StandardServer.initialize(StandardServer.java:782)
	at org.apache.catalina.startup.Catalina.load(Catalina.java:504)
	at org.apache.catalina.startup.Catalina.load(Catalina.java:524)
	at sun.reflect.NativeMethodAccessorImpl.invoke0(Native Method)
	at sun.reflect.NativeMethodAccessorImpl.invoke(Unknown Source)
	at sun.reflect.DelegatingMethodAccessorImpl.invoke(Unknown Source)
	at java.lang.reflect.Method.invoke(Unknown Source)
	at org.apache.catalina.startup.Bootstrap.load(Bootstrap.java:267)
	at org.apache.catalina.startup.Bootstrap.main(Bootstrap.java:432)
27/10/2010 14:43:50 org.apache.catalina.startup.Catalina load
INFO: Initialization processed in 477 ms
27/10/2010 14:43:50 org.apache.catalina.core.StandardService start
INFO: Arrancando servicio Catalina
27/10/2010 14:43:50 org.apache.catalina.core.StandardEngine start
INFO: Starting Servlet Engine: Apache Tomcat/5.5.26
27/10/2010 14:43:50 org.apache.catalina.core.StandardHost start
INFO: Desactivada la validación XML
27/10/2010 14:43:51 org.apache.catalina.startup.ContextConfig validateSecurityRoles
ADVERTENCIA: El nombre de papel de seguridad PENTAHO_ADMIN es usado en un <auth-constraint> sin haber sido definido en <security-role>
27/10/2010 14:44:01 org.apache.coyote.http11.Http11BaseProtocol start
GRAVE: Error arrancando punto final (endpoint)
java.net.SocketException: Unrecognized Windows Sockets error: 0: JVM_Bind
	at java.net.PlainSocketImpl.socketBind(Native Method)
	at java.net.PlainSocketImpl.bind(Unknown Source)
	at java.net.ServerSocket.bind(Unknown Source)
	at java.net.ServerSocket.<init>(Unknown Source)
	at java.net.ServerSocket.<init>(Unknown Source)
	at org.apache.tomcat.util.net.DefaultServerSocketFactory.createSocket(DefaultServerSocketFactory.java:50)
	at org.apache.tomcat.util.net.PoolTcpEndpoint.initEndpoint(PoolTcpEndpoint.java:293)
	at org.apache.tomcat.util.net.PoolTcpEndpoint.startEndpoint(PoolTcpEndpoint.java:313)
	at org.apache.coyote.http11.Http11BaseProtocol.start(Http11BaseProtocol.java:151)
	at org.apache.coyote.http11.Http11Protocol.start(Http11Protocol.java:76)
	at org.apache.catalina.connector.Connector.start(Connector.java:1090)
	at org.apache.catalina.core.StandardService.start(StandardService.java:457)
	at org.apache.catalina.core.StandardServer.start(StandardServer.java:700)
	at org.apache.catalina.startup.Catalina.start(Catalina.java:552)
	at sun.reflect.NativeMethodAccessorImpl.invoke0(Native Method)
	at sun.reflect.NativeMethodAccessorImpl.invoke(Unknown Source)
	at sun.reflect.DelegatingMethodAccessorImpl.invoke(Unknown Source)
	at java.lang.reflect.Method.invoke(Unknown Source)
	at org.apache.catalina.startup.Bootstrap.start(Bootstrap.java:295)
	at org.apache.catalina.startup.Bootstrap.main(Bootstrap.java:433)
27/10/2010 14:44:01 org.apache.catalina.startup.Catalina start
GRAVE: Catalina.start: 
LifecycleException:  service.getName(): "Catalina";  Falló el arranque del manejador de protocolo: java.net.SocketException: Unrecognized Windows Sockets error: 0: JVM_Bind
	at org.apache.catalina.connector.Connector.start(Connector.java:1097)
	at org.apache.catalina.core.StandardService.start(StandardService.java:457)
	at org.apache.catalina.core.StandardServer.start(StandardServer.java:700)
	at org.apache.catalina.startup.Catalina.start(Catalina.java:552)
	at sun.reflect.NativeMethodAccessorImpl.invoke0(Native Method)
	at sun.reflect.NativeMethodAccessorImpl.invoke(Unknown Source)
	at sun.reflect.DelegatingMethodAccessorImpl.invoke(Unknown Source)
	at java.lang.reflect.Method.invoke(Unknown Source)
	at org.apache.catalina.startup.Bootstrap.start(Bootstrap.java:295)
	at org.apache.catalina.startup.Bootstrap.main(Bootstrap.java:433)
27/10/2010 14:44:01 org.apache.catalina.startup.Catalina start
INFO: Server startup in 11254 ms
27/10/2010 14:46:19 org.apache.catalina.startup.Catalina stopServer
GRAVE: Catalina.stop: 
java.net.ConnectException: Connection refused: connect
	at java.net.PlainSocketImpl.socketConnect(Native Method)
	at java.net.PlainSocketImpl.doConnect(Unknown Source)
	at java.net.PlainSocketImpl.connectToAddress(Unknown Source)
	at java.net.PlainSocketImpl.connect(Unknown Source)
	at java.net.SocksSocketImpl.connect(Unknown Source)
	at java.net.Socket.connect(Unknown Source)
	at java.net.Socket.connect(Unknown Source)
	at java.net.Socket.<init>(Unknown Source)
	at java.net.Socket.<init>(Unknown Source)
	at org.apache.catalina.startup.Catalina.stopServer(Catalina.java:395)
	at sun.reflect.NativeMethodAccessorImpl.invoke0(Native Method)
	at sun.reflect.NativeMethodAccessorImpl.invoke(Unknown Source)
	at sun.reflect.DelegatingMethodAccessorImpl.invoke(Unknown Source)
	at java.lang.reflect.Method.invoke(Unknown Source)
	at org.apache.catalina.startup.Bootstrap.stopServer(Bootstrap.java:344)
	at org.apache.catalina.startup.Bootstrap.main(Bootstrap.java:435)
27/10/2010 14:46:32 org.apache.catalina.core.AprLifecycleListener lifecycleEvent
INFO: The Apache Tomcat Native library which allows optimal performance in production environments was not found on the java.library.path: C:\Program Files (x86)\Pentaho\biserver-ce\jre\bin;.;C:\Windows\Sun\Java\bin;C:\Windows\system32;C:\Windows;C:\Program Files (x86)\CollabNet\Subversion Client;C:\Windows\system32;C:\Windows;C:\Windows\System32\Wbem;C:\Windows\System32\WindowsPowerShell\v1.0\;C:\Program Files\Dell\DW WLAN Card;c:\Program Files (x86)\ATI Technologies\ATI.ACE\Core-Static;c:\Program Files (x86)\Common Files\Roxio Shared\DLLShared\;C:\Program Files\TortoiseSVN\bin;C:\Program Files (x86)\Common Files\Acronis\SnapAPI\;C:\Program Files (x86)\Rational\common;C:\Program Files (x86)\Microsoft SQL Server\80\Tools\Binn\;C:\Program Files (x86)\Microsoft SQL Server\90\Tools\binn\;
27/10/2010 14:46:32 org.apache.coyote.http11.Http11BaseProtocol init
INFO: Inicializando Coyote HTTP/1.1 en puerto http-8080
27/10/2010 14:46:32 org.apache.catalina.startup.Catalina load
INFO: Initialization processed in 409 ms
27/10/2010 14:46:32 org.apache.catalina.core.StandardService start
INFO: Arrancando servicio Catalina
27/10/2010 14:46:32 org.apache.catalina.core.StandardEngine start
INFO: Starting Servlet Engine: Apache Tomcat/5.5.26
27/10/2010 14:46:32 org.apache.catalina.core.StandardHost start
INFO: Desactivada la validación XML
27/10/2010 14:46:34 org.apache.catalina.startup.ContextConfig validateSecurityRoles
ADVERTENCIA: El nombre de papel de seguridad PENTAHO_ADMIN es usado en un <auth-constraint> sin haber sido definido en <security-role>
27/10/2010 14:46:43 org.apache.coyote.http11.Http11BaseProtocol start
INFO: Arrancando Coyote HTTP/1.1 en puerto http-8080
27/10/2010 14:46:43 org.apache.jk.common.ChannelSocket init
INFO: JK: ajp13 listening on /0.0.0.0:8009
27/10/2010 14:46:43 org.apache.jk.server.JkMain start
INFO: Jk running ID=0 time=0/27  config=null
27/10/2010 14:46:43 org.apache.catalina.storeconfig.StoreLoader load
INFO: Find registry server-registry.xml at classpath resource
27/10/2010 14:46:44 org.apache.catalina.startup.Catalina start
INFO: Server startup in 11138 ms
27/10/2010 14:47:54 org.apache.coyote.http11.Http11BaseProtocol pause
INFO: Pausing Coyote HTTP/1.1 on http-8080
27/10/2010 14:47:55 org.apache.catalina.core.StandardService stop
INFO: Parando servicio Catalina
27/10/2010 14:47:56 org.apache.coyote.http11.Http11BaseProtocol destroy
INFO: Stopping Coyote HTTP/1.1 on http-8080
27/10/2010 14:47:56 org.apache.catalina.core.AprLifecycleListener lifecycleEvent
INFO: Failed shutdown of Apache Portable Runtime
27/10/2010 14:48:53 org.apache.catalina.core.AprLifecycleListener lifecycleEvent
INFO: The Apache Tomcat Native library which allows optimal performance in production environments was not found on the java.library.path: C:\Program Files (x86)\Pentaho\biserver-ce\jre\bin;.;C:\Windows\Sun\Java\bin;C:\Windows\system32;C:\Windows;C:\Program Files (x86)\CollabNet\Subversion Client;C:\Windows\system32;C:\Windows;C:\Windows\System32\Wbem;C:\Windows\System32\WindowsPowerShell\v1.0\;C:\Program Files\Dell\DW WLAN Card;c:\Program Files (x86)\ATI Technologies\ATI.ACE\Core-Static;c:\Program Files (x86)\Common Files\Roxio Shared\DLLShared\;C:\Program Files\TortoiseSVN\bin;C:\Program Files (x86)\Common Files\Acronis\SnapAPI\;C:\Program Files (x86)\Rational\common;C:\Program Files (x86)\Microsoft SQL Server\80\Tools\Binn\;C:\Program Files (x86)\Microsoft SQL Server\90\Tools\binn\;
27/10/2010 14:48:53 org.apache.coyote.http11.Http11BaseProtocol init
INFO: Inicializando Coyote HTTP/1.1 en puerto http-8080
27/10/2010 14:48:53 org.apache.catalina.startup.Catalina load
INFO: Initialization processed in 415 ms
27/10/2010 14:48:53 org.apache.catalina.core.StandardService start
INFO: Arrancando servicio Catalina
27/10/2010 14:48:53 org.apache.catalina.core.StandardEngine start
INFO: Starting Servlet Engine: Apache Tomcat/5.5.26
27/10/2010 14:48:53 org.apache.catalina.core.StandardHost start
INFO: Desactivada la validación XML
27/10/2010 14:48:54 org.apache.catalina.startup.ContextConfig validateSecurityRoles
ADVERTENCIA: El nombre de papel de seguridad PENTAHO_ADMIN es usado en un <auth-constraint> sin haber sido definido en <security-role>
27/10/2010 14:49:04 org.apache.coyote.http11.Http11BaseProtocol start
INFO: Arrancando Coyote HTTP/1.1 en puerto http-8080
27/10/2010 14:49:04 org.apache.jk.common.ChannelSocket init
INFO: JK: ajp13 listening on /0.0.0.0:8009
27/10/2010 14:49:04 org.apache.jk.server.JkMain start
INFO: Jk running ID=0 time=0/16  config=null
27/10/2010 14:49:04 org.apache.catalina.storeconfig.StoreLoader load
INFO: Find registry server-registry.xml at classpath resource
27/10/2010 14:49:04 org.apache.catalina.startup.Catalina start
INFO: Server startup in 10712 ms
27/10/2010 18:10:38 org.apache.coyote.http11.Http11BaseProtocol pause
INFO: Pausing Coyote HTTP/1.1 on http-8080
27/10/2010 18:10:39 org.apache.catalina.core.StandardService stop
INFO: Parando servicio Catalina
27/10/2010 18:10:40 org.apache.coyote.http11.Http11BaseProtocol destroy
INFO: Stopping Coyote HTTP/1.1 on http-8080
27/10/2010 18:10:40 org.apache.catalina.core.AprLifecycleListener lifecycleEvent
INFO: Failed shutdown of Apache Portable Runtime
27/10/2010 22:50:28 org.apache.catalina.core.AprLifecycleListener lifecycleEvent
INFO: The Apache Tomcat Native library which allows optimal performance in production environments was not found on the java.library.path: C:\Program Files (x86)\Pentaho\biserver-ce\jre\bin;.;C:\Windows\Sun\Java\bin;C:\Windows\system32;C:\Windows;C:\Program Files (x86)\CollabNet\Subversion Client;C:\Windows\system32;C:\Windows;C:\Windows\System32\Wbem;C:\Windows\System32\WindowsPowerShell\v1.0\;C:\Program Files\Dell\DW WLAN Card;c:\Program Files (x86)\ATI Technologies\ATI.ACE\Core-Static;c:\Program Files (x86)\Common Files\Roxio Shared\DLLShared\;C:\Program Files\TortoiseSVN\bin;C:\Program Files (x86)\Common Files\Acronis\SnapAPI\;C:\Program Files (x86)\Rational\common;C:\Program Files (x86)\Microsoft SQL Server\80\Tools\Binn\;C:\Program Files (x86)\Microsoft SQL Server\90\Tools\binn\;
27/10/2010 22:50:28 org.apache.coyote.http11.Http11BaseProtocol init
INFO: Inicializando Coyote HTTP/1.1 en puerto http-8080
27/10/2010 22:50:28 org.apache.catalina.startup.Catalina load
INFO: Initialization processed in 1996 ms
27/10/2010 22:50:29 org.apache.catalina.core.StandardService start
INFO: Arrancando servicio Catalina
27/10/2010 22:50:29 org.apache.catalina.core.StandardEngine start
INFO: Starting Servlet Engine: Apache Tomcat/5.5.26
27/10/2010 22:50:29 org.apache.catalina.core.StandardHost start
INFO: Desactivada la validación XML
27/10/2010 22:50:39 org.apache.catalina.startup.ContextConfig validateSecurityRoles
ADVERTENCIA: El nombre de papel de seguridad PENTAHO_ADMIN es usado en un <auth-constraint> sin haber sido definido en <security-role>
27/10/2010 22:51:01 org.apache.coyote.http11.Http11BaseProtocol start
INFO: Arrancando Coyote HTTP/1.1 en puerto http-8080
27/10/2010 22:51:01 org.apache.jk.common.ChannelSocket init
INFO: JK: ajp13 listening on /0.0.0.0:8009
27/10/2010 22:51:01 org.apache.jk.server.JkMain start
INFO: Jk running ID=0 time=0/55  config=null
27/10/2010 22:51:01 org.apache.catalina.storeconfig.StoreLoader load
INFO: Find registry server-registry.xml at classpath resource
27/10/2010 22:51:01 org.apache.catalina.startup.Catalina start
INFO: Server startup in 32787 ms
