INFO  16-01 16:13:06,772 - Using "C:\Users\Gabriel\AppData\Local\Temp\vfs_cache" as temporary files store.
INFO  16-01 16:13:07,355 - Kitchen - Kitchen
INFO  16-01 16:13:07,357 - Kitchen - Kitchen
INFO  16-01 16:13:07,378 - RepositoriesMeta - Reading repositories XML file: C:\Users\Gabriel\.kettle\repositories.xml
ERROR: No repository provided, can't load job.
INFO  16-01 16:13:07,508 - Rendimiento_Producto - Start of job execution
INFO  16-01 16:13:07,512 - Rendimiento_Producto - Starting entry [Dim_ProductoFabricado]
INFO  16-01 16:13:07,515 - Dim_ProductoFabricado - Loading transformation from XML file [D:\Dim_ProductoFabricado.ktr]
INFO  16-01 16:13:07,874 - Dim_ProductoFabricado - Dispatching started for transformation [Dim_ProductoFabricado]
INFO  16-01 16:13:07,900 - Dim_ProductoFabricado - This transformation can be replayed with replay date: 2011/01/16 16:13:07
INFO  16-01 16:13:08,226 - ProductoFabricado - Finished reading query, closing connection.
INFO  16-01 16:13:08,229 - AdecuarProducto - Finished processing (I=0, O=0, R=5, W=5, U=0, E=0)
INFO  16-01 16:13:08,230 - ProductoFabricado - Finished processing (I=5, O=0, R=0, W=5, U=0, E=0)
INFO  16-01 16:13:08,413 - Agregar tipo producto importado - Finished processing (I=0, O=0, R=5, W=5, U=0, E=0)
INFO  16-01 16:13:08,425 - Combination ProductoFabricado - Finished processing (I=5, O=0, R=5, W=5, U=0, E=0)
INFO  16-01 16:13:08,427 - Rendimiento_Producto - Starting entry [Dim_Fabricacion_Rendimiento]
INFO  16-01 16:13:08,427 - Dim_Fabricacion_Rendimiento - Loading transformation from XML file [D:\Dim_Fabricacion_Rendimiento.ktr]
INFO  16-01 16:13:08,463 - Dim_Fabricacion_Rendimiento - Dispatching started for transformation [Dim_Fabricacion_Rendimiento]
INFO  16-01 16:13:08,471 - Dim_Fabricacion_Rendimiento - This transformation can be replayed with replay date: 2011/01/16 16:13:08
INFO  16-01 16:13:08,541 - Elimina todas las fabricaciones - Finished reading query, closing connection.
INFO  16-01 16:13:08,541 - Elimina todas las fabricaciones - Finished processing (I=0, O=0, R=0, W=1, U=0, E=0)
INFO  16-01 16:13:08,541 - Productos - Finished reading query, closing connection.
INFO  16-01 16:13:08,542 - TodosProductosFabricados - Finished reading query, closing connection.
INFO  16-01 16:13:08,544 - Productos - Finished processing (I=5, O=0, R=0, W=5, U=0, E=0)
INFO  16-01 16:13:08,544 - TodosProductosFabricados - Finished processing (I=5, O=0, R=0, W=5, U=0, E=0)
INFO  16-01 16:13:08,848 - ProductosFabricados - Finished processing (I=0, O=0, R=10, W=5, U=0, E=0)
INFO  16-01 16:13:08,906 - Combinacion Fabricados - Finished processing (I=5, O=5, R=5, W=5, U=0, E=0)
INFO  16-01 16:13:08,909 - Rendimiento_Producto - Starting entry [Dim_Compras_Rendimiento]
INFO  16-01 16:13:08,910 - Dim_Compras_Rendimiento - Loading transformation from XML file [D:\Dim_Compras_Rendimiento.ktr]
INFO  16-01 16:13:08,954 - Dim_Compras_Rendimiento - Dispatching started for transformation [Dim_Compras_Rendimiento]
INFO  16-01 16:13:08,958 - Dim_Compras_Rendimiento - This transformation can be replayed with replay date: 2011/01/16 16:13:08
INFO  16-01 16:13:08,996 - Elimina todas las compras - Finished reading query, closing connection.
INFO  16-01 16:13:08,996 - Elimina todas las compras - Finished processing (I=0, O=0, R=0, W=1, U=0, E=0)
INFO  16-01 16:13:08,997 - Productos - Finished reading query, closing connection.
INFO  16-01 16:13:08,997 - TodasCompras - Finished reading query, closing connection.
INFO  16-01 16:13:08,999 - Productos - Finished processing (I=4, O=0, R=0, W=4, U=0, E=0)
INFO  16-01 16:13:08,999 - TodasCompras - Finished processing (I=4, O=0, R=0, W=4, U=0, E=0)
INFO  16-01 16:13:09,302 - ProductosFabricados - Finished processing (I=0, O=0, R=8, W=4, U=0, E=0)
INFO  16-01 16:13:09,331 - Combinacion Compras - Finished processing (I=4, O=4, R=4, W=4, U=0, E=0)
INFO  16-01 16:13:09,335 - Rendimiento_Producto - Starting entry [Dim_Ventas_Rendimiento]
INFO  16-01 16:13:09,336 - Dim_Ventas_Rendimiento - Loading transformation from XML file [D:\Dim_Ventas_Rendimiento.ktr]
INFO  16-01 16:13:09,377 - Dim_Ventas_Rendimiento - Dispatching started for transformation [Dim_Ventas_Rendimiento]
INFO  16-01 16:13:09,379 - Dim_Ventas_Rendimiento - This transformation can be replayed with replay date: 2011/01/16 16:13:09
INFO  16-01 16:13:09,427 - Elimina todas las ventas - Finished reading query, closing connection.
INFO  16-01 16:13:09,427 - Elimina todas las ventas - Finished processing (I=0, O=0, R=0, W=1, U=0, E=0)
INFO  16-01 16:13:09,428 - TodasVentas - Finished reading query, closing connection.
INFO  16-01 16:13:09,428 - Productos - Finished reading query, closing connection.
INFO  16-01 16:13:09,429 - TodasVentas - Finished processing (I=1, O=0, R=0, W=1, U=0, E=0)
INFO  16-01 16:13:09,429 - Productos - Finished processing (I=9, O=0, R=0, W=9, U=0, E=0)
INFO  16-01 16:13:09,734 - ProductosFabricados - Finished processing (I=0, O=0, R=10, W=1, U=0, E=0)
INFO  16-01 16:13:09,764 - Combinacion Compras - Finished processing (I=1, O=1, R=1, W=1, U=0, E=0)
INFO  16-01 16:13:09,768 - Rendimiento_Producto - Starting entry [Eliminar_Filas_Nulas_Compras]
INFO  16-01 16:13:09,790 - Rendimiento_Producto - Starting entry [Fac_Rendimiento_Producto]
INFO  16-01 16:13:09,791 - Fac_Rendimiento_Producto - Loading transformation from XML file [D:\Fac_Rendimiento_Producto.ktr]
INFO  16-01 16:13:09,830 - Fac_Rendimiento_Producto - Dispatching started for transformation [Fac_Rendimiento_Producto]
INFO  16-01 16:13:09,848 - Fac_Rendimiento_Producto - This transformation can be replayed with replay date: 2011/01/16 16:13:09
INFO  16-01 16:13:09,882 - ComprasDeProducto - Finished reading query, closing connection.
INFO  16-01 16:13:09,882 - RendimientosDiaAnterior - Finished reading query, closing connection.
INFO  16-01 16:13:09,883 - VentasDeProducto - Finished reading query, closing connection.
INFO  16-01 16:13:09,884 - ComprasDeProducto - Finished processing (I=4, O=0, R=0, W=4, U=0, E=0)
INFO  16-01 16:13:09,885 - VentasDeProducto - Finished processing (I=1, O=0, R=0, W=1, U=0, E=0)
INFO  16-01 16:13:10,152 - Tiempo - Finished reading query, closing connection.
INFO  16-01 16:13:10,153 - Tiempo - Finished processing (I=5000, O=0, R=0, W=5000, U=0, E=0)
INFO  16-01 16:13:10,188 - ProductosRendimiento - Finished processing (I=0, O=0, R=5, W=1, U=0, E=0)
INFO  16-01 16:13:10,191 - AdecuarProductos - Finished processing (I=0, O=0, R=1, W=1, U=0, E=0)
INFO  16-01 16:13:10,518 - RendimientoDiaAnterior - Finished processing (I=0, O=0, R=1, W=1, U=0, E=0)
INFO  16-01 16:13:10,521 - AdecuarConDiaAnterior - Finished processing (I=0, O=0, R=1, W=1, U=0, E=0)
INFO  16-01 16:13:10,524 - CalcularValores - Finished processing (I=0, O=0, R=1, W=1, U=0, E=0)
INFO  16-01 16:13:10,527 - Obtener Fecha Foto - Finished processing (I=0, O=0, R=1, W=1, U=0, E=0)
INFO  16-01 16:13:10,824 - FechaHoy - Finished processing (I=0, O=0, R=5001, W=1, U=0, E=0)
INFO  16-01 16:13:10,828 - AdecuacionFinal - Finished processing (I=0, O=0, R=1, W=1, U=0, E=0)
INFO  16-01 16:13:10,833 - Dimension Rendimiento Productos - Finished processing (I=1, O=0, R=1, W=1, U=0, E=0)
INFO  16-01 16:13:10,839 - Rendimiento_Producto - Starting entry [Eliminar_Filas_Nulas_Rendimiento]
INFO  16-01 16:13:10,862 - Rendimiento_Producto - Starting entry [Success]
INFO  16-01 16:13:10,864 - Rendimiento_Producto - Finished job entry [Success] (result=[true])
INFO  16-01 16:13:10,864 - Rendimiento_Producto - Finished job entry [Eliminar_Filas_Nulas_Rendimiento] (result=[true])
INFO  16-01 16:13:10,864 - Rendimiento_Producto - Finished job entry [Fac_Rendimiento_Producto] (result=[true])
INFO  16-01 16:13:10,864 - Rendimiento_Producto - Finished job entry [Eliminar_Filas_Nulas_Compras] (result=[true])
INFO  16-01 16:13:10,865 - Rendimiento_Producto - Finished job entry [Dim_Ventas_Rendimiento] (result=[true])
INFO  16-01 16:13:10,865 - Rendimiento_Producto - Finished job entry [Dim_Compras_Rendimiento] (result=[true])
INFO  16-01 16:13:10,865 - Rendimiento_Producto - Finished job entry [Dim_Fabricacion_Rendimiento] (result=[true])
INFO  16-01 16:13:10,865 - Rendimiento_Producto - Finished job entry [Dim_ProductoFabricado] (result=[true])
INFO  16-01 16:13:10,866 - Rendimiento_Producto - Job execution finished
INFO  16-01 16:13:10,867 - Kitchen - Kitchen
INFO  16-01 16:13:10,867 - Kitchen - Kitchen
INFO  16-01 16:13:10,868 - Kitchen - Kitchen
