24/10/2010 13:24:43 org.apache.catalina.core.AprLifecycleListener lifecycleEvent
INFO: The Apache Tomcat Native library which allows optimal performance in production environments was not found on the java.library.path: C:\Program Files (x86)\Pentaho\biserver-ce\jre\bin;.;C:\Windows\Sun\Java\bin;C:\Windows\system32;C:\Windows;C:\Program Files (x86)\CollabNet\Subversion Client;C:\Windows\system32;C:\Windows;C:\Windows\System32\Wbem;C:\Windows\System32\WindowsPowerShell\v1.0\;C:\Program Files\Dell\DW WLAN Card;c:\Program Files (x86)\ATI Technologies\ATI.ACE\Core-Static;c:\Program Files (x86)\Common Files\Roxio Shared\DLLShared\;C:\Program Files\TortoiseSVN\bin;C:\Program Files (x86)\Common Files\Acronis\SnapAPI\;C:\Program Files (x86)\Rational\common;C:\Program Files (x86)\Microsoft SQL Server\80\Tools\Binn\;C:\Program Files (x86)\Microsoft SQL Server\90\Tools\binn\;C:\Program Files (x86)\Common Files\MicroStrategy;C:\Program Files (x86)\MicroStrategy\Desktop;C:\Program Files (x86)\Common Files\MicroStrategy\JRE\160_07\Win32\bin;C:\Program Files (x86)\Common Files\MicroStrategy\Documentation;
24/10/2010 13:24:43 org.apache.coyote.http11.Http11BaseProtocol init
INFO: Inicializando Coyote HTTP/1.1 en puerto http-8080
24/10/2010 13:24:43 org.apache.catalina.startup.Catalina load
INFO: Initialization processed in 397 ms
24/10/2010 13:24:43 org.apache.catalina.core.StandardService start
INFO: Arrancando servicio Catalina
24/10/2010 13:24:43 org.apache.catalina.core.StandardEngine start
INFO: Starting Servlet Engine: Apache Tomcat/5.5.26
24/10/2010 13:24:43 org.apache.catalina.core.StandardHost start
INFO: Desactivada la validación XML
24/10/2010 13:24:45 org.apache.catalina.startup.ContextConfig validateSecurityRoles
ADVERTENCIA: El nombre de papel de seguridad PENTAHO_ADMIN es usado en un <auth-constraint> sin haber sido definido en <security-role>
24/10/2010 13:24:59 org.apache.coyote.http11.Http11BaseProtocol start
INFO: Arrancando Coyote HTTP/1.1 en puerto http-8080
24/10/2010 13:24:59 org.apache.jk.common.ChannelSocket init
INFO: JK: ajp13 listening on /0.0.0.0:8009
24/10/2010 13:24:59 org.apache.jk.server.JkMain start
INFO: Jk running ID=0 time=0/11  config=null
24/10/2010 13:24:59 org.apache.catalina.storeconfig.StoreLoader load
INFO: Find registry server-registry.xml at classpath resource
24/10/2010 13:24:59 org.apache.catalina.startup.Catalina start
INFO: Server startup in 15438 ms
24/10/2010 17:34:02 org.apache.catalina.core.AprLifecycleListener lifecycleEvent
INFO: The Apache Tomcat Native library which allows optimal performance in production environments was not found on the java.library.path: C:\Program Files (x86)\Pentaho\biserver-ce\jre\bin;.;C:\Windows\Sun\Java\bin;C:\Windows\system32;C:\Windows;C:\Program Files (x86)\CollabNet\Subversion Client;C:\Windows\system32;C:\Windows;C:\Windows\System32\Wbem;C:\Windows\System32\WindowsPowerShell\v1.0\;C:\Program Files\Dell\DW WLAN Card;c:\Program Files (x86)\ATI Technologies\ATI.ACE\Core-Static;c:\Program Files (x86)\Common Files\Roxio Shared\DLLShared\;C:\Program Files\TortoiseSVN\bin;C:\Program Files (x86)\Common Files\Acronis\SnapAPI\;C:\Program Files (x86)\Rational\common;C:\Program Files (x86)\Microsoft SQL Server\80\Tools\Binn\;C:\Program Files (x86)\Microsoft SQL Server\90\Tools\binn\;C:\Program Files (x86)\Common Files\MicroStrategy;C:\Program Files (x86)\MicroStrategy\Desktop;C:\Program Files (x86)\Common Files\MicroStrategy\JRE\160_07\Win32\bin;C:\Program Files (x86)\Common Files\MicroStrategy\Documentation;
24/10/2010 17:34:02 org.apache.coyote.http11.Http11BaseProtocol init
INFO: Inicializando Coyote HTTP/1.1 en puerto http-8080
24/10/2010 17:34:02 org.apache.catalina.startup.Catalina load
INFO: Initialization processed in 9339 ms
24/10/2010 17:34:03 org.apache.catalina.core.StandardService start
INFO: Arrancando servicio Catalina
24/10/2010 17:34:03 org.apache.catalina.core.StandardEngine start
INFO: Starting Servlet Engine: Apache Tomcat/5.5.26
24/10/2010 17:34:03 org.apache.catalina.core.StandardHost start
INFO: Desactivada la validación XML
24/10/2010 17:34:39 org.apache.catalina.startup.ContextConfig validateSecurityRoles
ADVERTENCIA: El nombre de papel de seguridad PENTAHO_ADMIN es usado en un <auth-constraint> sin haber sido definido en <security-role>
24/10/2010 17:35:34 org.apache.catalina.startup.Catalina stopServer
GRAVE: Catalina.stop: 
java.net.ConnectException: Connection refused: connect
	at java.net.PlainSocketImpl.socketConnect(Native Method)
	at java.net.PlainSocketImpl.doConnect(Unknown Source)
	at java.net.PlainSocketImpl.connectToAddress(Unknown Source)
	at java.net.PlainSocketImpl.connect(Unknown Source)
	at java.net.SocksSocketImpl.connect(Unknown Source)
	at java.net.Socket.connect(Unknown Source)
	at java.net.Socket.connect(Unknown Source)
	at java.net.Socket.<init>(Unknown Source)
	at java.net.Socket.<init>(Unknown Source)
	at org.apache.catalina.startup.Catalina.stopServer(Catalina.java:395)
	at sun.reflect.NativeMethodAccessorImpl.invoke0(Native Method)
	at sun.reflect.NativeMethodAccessorImpl.invoke(Unknown Source)
	at sun.reflect.DelegatingMethodAccessorImpl.invoke(Unknown Source)
	at java.lang.reflect.Method.invoke(Unknown Source)
	at org.apache.catalina.startup.Bootstrap.stopServer(Bootstrap.java:344)
	at org.apache.catalina.startup.Bootstrap.main(Bootstrap.java:435)
24/10/2010 17:53:13 org.apache.catalina.core.AprLifecycleListener lifecycleEvent
INFO: The Apache Tomcat Native library which allows optimal performance in production environments was not found on the java.library.path: C:\Program Files (x86)\Pentaho\biserver-ce\jre\bin;.;C:\Windows\Sun\Java\bin;C:\Windows\system32;C:\Windows;C:\Program Files (x86)\CollabNet\Subversion Client;C:\Windows\system32;C:\Windows;C:\Windows\System32\Wbem;C:\Windows\System32\WindowsPowerShell\v1.0\;C:\Program Files\Dell\DW WLAN Card;c:\Program Files (x86)\ATI Technologies\ATI.ACE\Core-Static;c:\Program Files (x86)\Common Files\Roxio Shared\DLLShared\;C:\Program Files\TortoiseSVN\bin;C:\Program Files (x86)\Common Files\Acronis\SnapAPI\;C:\Program Files (x86)\Rational\common;C:\Program Files (x86)\Microsoft SQL Server\80\Tools\Binn\;C:\Program Files (x86)\Microsoft SQL Server\90\Tools\binn\;C:\Program Files (x86)\Common Files\MicroStrategy;C:\Program Files (x86)\MicroStrategy\Desktop;C:\Program Files (x86)\Common Files\MicroStrategy\JRE\160_07\Win32\bin;C:\Program Files (x86)\Common Files\MicroStrategy\Documentation;
24/10/2010 17:53:13 org.apache.coyote.http11.Http11BaseProtocol init
INFO: Inicializando Coyote HTTP/1.1 en puerto http-8080
24/10/2010 17:53:13 org.apache.catalina.startup.Catalina load
INFO: Initialization processed in 438 ms
24/10/2010 17:53:13 org.apache.catalina.core.StandardService start
INFO: Arrancando servicio Catalina
24/10/2010 17:53:13 org.apache.catalina.core.StandardEngine start
INFO: Starting Servlet Engine: Apache Tomcat/5.5.26
24/10/2010 17:53:13 org.apache.catalina.core.StandardHost start
INFO: Desactivada la validación XML
24/10/2010 17:53:14 org.apache.catalina.startup.ContextConfig validateSecurityRoles
ADVERTENCIA: El nombre de papel de seguridad PENTAHO_ADMIN es usado en un <auth-constraint> sin haber sido definido en <security-role>
24/10/2010 17:53:26 org.apache.coyote.http11.Http11BaseProtocol start
INFO: Arrancando Coyote HTTP/1.1 en puerto http-8080
24/10/2010 17:53:26 org.apache.jk.common.ChannelSocket init
INFO: JK: ajp13 listening on /0.0.0.0:8009
24/10/2010 17:53:26 org.apache.jk.server.JkMain start
INFO: Jk running ID=0 time=0/12  config=null
24/10/2010 17:53:26 org.apache.catalina.storeconfig.StoreLoader load
INFO: Find registry server-registry.xml at classpath resource
24/10/2010 17:53:26 org.apache.catalina.startup.Catalina start
INFO: Server startup in 13007 ms
24/10/2010 18:45:34 org.apache.coyote.http11.Http11BaseProtocol pause
INFO: Pausing Coyote HTTP/1.1 on http-8080
24/10/2010 18:45:35 org.apache.catalina.core.StandardService stop
INFO: Parando servicio Catalina
24/10/2010 18:45:35 org.apache.catalina.core.StandardWrapper unload
INFO: Esperando por 1 instancia(s) para recuperar su espacio reservado
24/10/2010 18:45:36 org.apache.catalina.core.StandardWrapper unload
INFO: Esperando por 1 instancia(s) para recuperar su espacio reservado
24/10/2010 18:45:37 org.apache.catalina.core.StandardWrapper unload
INFO: Esperando por 1 instancia(s) para recuperar su espacio reservado
24/10/2010 18:45:41 org.apache.coyote.http11.Http11BaseProtocol destroy
INFO: Stopping Coyote HTTP/1.1 on http-8080
24/10/2010 18:45:41 org.apache.catalina.core.AprLifecycleListener lifecycleEvent
INFO: Failed shutdown of Apache Portable Runtime
