16/10/2011 18:08:10 org.apache.catalina.core.AprLifecycleListener lifecycleEvent
INFO: The Apache Tomcat Native library which allows optimal performance in production environments was not found on the java.library.path: C:\Users\gaston\Desktop\fruterio-kiwi-team\07. Toma de decisiones\pentaho\biserver-ce\jre\bin;.;C:\Windows\Sun\Java\bin;C:\Windows\system32;C:\Windows;C:\Program Files\Common Files\Microsoft Shared\Windows Live;C:\Program Files (x86)\Common Files\Microsoft Shared\Windows Live;C:\Program Files (x86)\IVT Corporation\BlueSoleil\Mobile;C:\Program Files (x86)\Windows Live\Shared
16/10/2011 18:08:10 org.apache.coyote.http11.Http11BaseProtocol init
INFO: Inicializando Coyote HTTP/1.1 en puerto http-8080
16/10/2011 18:08:10 org.apache.catalina.startup.Catalina load
INFO: Initialization processed in 1934 ms
16/10/2011 18:08:11 org.apache.catalina.core.StandardService start
INFO: Arrancando servicio Catalina
16/10/2011 18:08:11 org.apache.catalina.core.StandardEngine start
INFO: Starting Servlet Engine: Apache Tomcat/5.5.26
16/10/2011 18:08:11 org.apache.catalina.core.StandardHost start
INFO: Desactivada la validación XML
16/10/2011 18:08:17 org.apache.catalina.startup.ContextConfig validateSecurityRoles
ADVERTENCIA: El nombre de papel de seguridad PENTAHO_ADMIN es usado en un <auth-constraint> sin haber sido definido en <security-role>
16/10/2011 18:08:34 org.apache.coyote.http11.Http11BaseProtocol start
INFO: Arrancando Coyote HTTP/1.1 en puerto http-8080
16/10/2011 18:08:34 org.apache.jk.common.ChannelSocket init
INFO: JK: ajp13 listening on /0.0.0.0:8009
16/10/2011 18:08:34 org.apache.jk.server.JkMain start
INFO: Jk running ID=0 time=0/31  config=null
16/10/2011 18:08:34 org.apache.catalina.storeconfig.StoreLoader load
INFO: Find registry server-registry.xml at classpath resource
16/10/2011 18:08:34 org.apache.catalina.startup.Catalina start
INFO: Server startup in 23776 ms
