23/08/2011 22:08:57 org.apache.catalina.core.AprLifecycleListener lifecycleEvent
INFO: The Apache Tomcat Native library which allows optimal performance in production environments was not found on the java.library.path: C:\Users\gaston\Desktop\fruterio-kiwi-team\07. Toma de decisiones\pentaho\biserver-ce\jre\bin;.;C:\Windows\Sun\Java\bin;C:\Windows\system32;C:\Windows;C:\Windows\system32;C:\Windows;C:\Windows\System32\Wbem;C:\Windows\System32\WindowsPowerShell\v1.0\;C:\Program Files\TortoiseSVN\bin
23/08/2011 22:08:58 org.apache.coyote.http11.Http11BaseProtocol init
INFO: Inicializando Coyote HTTP/1.1 en puerto http-8080
23/08/2011 22:08:58 org.apache.catalina.startup.Catalina load
INFO: Initialization processed in 1778 ms
23/08/2011 22:08:58 org.apache.catalina.core.StandardService start
INFO: Arrancando servicio Catalina
23/08/2011 22:08:58 org.apache.catalina.core.StandardEngine start
INFO: Starting Servlet Engine: Apache Tomcat/5.5.26
23/08/2011 22:08:58 org.apache.catalina.core.StandardHost start
INFO: Desactivada la validación XML
23/08/2011 22:09:07 org.apache.catalina.startup.ContextConfig validateSecurityRoles
ADVERTENCIA: El nombre de papel de seguridad PENTAHO_ADMIN es usado en un <auth-constraint> sin haber sido definido en <security-role>
23/08/2011 22:09:41 org.apache.coyote.http11.Http11BaseProtocol start
INFO: Arrancando Coyote HTTP/1.1 en puerto http-8080
23/08/2011 22:09:41 org.apache.jk.common.ChannelSocket init
INFO: JK: ajp13 listening on /0.0.0.0:8009
23/08/2011 22:09:41 org.apache.jk.server.JkMain start
INFO: Jk running ID=0 time=0/47  config=null
23/08/2011 22:09:41 org.apache.catalina.storeconfig.StoreLoader load
INFO: Find registry server-registry.xml at classpath resource
23/08/2011 22:09:41 org.apache.catalina.startup.Catalina start
INFO: Server startup in 43262 ms
