05/11/2010 00:22:10 org.apache.catalina.core.AprLifecycleListener lifecycleEvent
INFO: The Apache Tomcat Native library which allows optimal performance in production environments was not found on the java.library.path: C:\Program Files (x86)\Pentaho\biserver-ce\jre\bin;.;C:\Windows\Sun\Java\bin;C:\Windows\system32;C:\Windows;C:\Program Files (x86)\CollabNet\Subversion Client;C:\Windows\system32;C:\Windows;C:\Windows\System32\Wbem;C:\Windows\System32\WindowsPowerShell\v1.0\;C:\Program Files\Dell\DW WLAN Card;c:\Program Files (x86)\ATI Technologies\ATI.ACE\Core-Static;c:\Program Files (x86)\Common Files\Roxio Shared\DLLShared\;C:\Program Files\TortoiseSVN\bin;C:\Program Files (x86)\Common Files\Acronis\SnapAPI\;C:\Program Files (x86)\Rational\common;C:\Program Files (x86)\Microsoft SQL Server\80\Tools\Binn\;C:\Program Files (x86)\Microsoft SQL Server\90\Tools\binn\;
05/11/2010 00:22:10 org.apache.coyote.http11.Http11BaseProtocol init
INFO: Inicializando Coyote HTTP/1.1 en puerto http-8080
05/11/2010 00:22:10 org.apache.catalina.startup.Catalina load
INFO: Initialization processed in 748 ms
05/11/2010 00:22:10 org.apache.catalina.core.StandardService start
INFO: Arrancando servicio Catalina
05/11/2010 00:22:10 org.apache.catalina.core.StandardEngine start
INFO: Starting Servlet Engine: Apache Tomcat/5.5.26
05/11/2010 00:22:10 org.apache.catalina.core.StandardHost start
INFO: Desactivada la validación XML
05/11/2010 00:22:13 org.apache.catalina.startup.ContextConfig validateSecurityRoles
ADVERTENCIA: El nombre de papel de seguridad PENTAHO_ADMIN es usado en un <auth-constraint> sin haber sido definido en <security-role>
05/11/2010 00:22:34 org.apache.coyote.http11.Http11BaseProtocol start
INFO: Arrancando Coyote HTTP/1.1 en puerto http-8080
05/11/2010 00:22:34 org.apache.jk.common.ChannelSocket init
INFO: JK: ajp13 listening on /0.0.0.0:8009
05/11/2010 00:22:34 org.apache.jk.server.JkMain start
INFO: Jk running ID=0 time=0/35  config=null
05/11/2010 00:22:34 org.apache.catalina.storeconfig.StoreLoader load
INFO: Find registry server-registry.xml at classpath resource
05/11/2010 00:22:34 org.apache.catalina.startup.Catalina start
INFO: Server startup in 24005 ms
05/11/2010 00:40:51 org.apache.catalina.startup.Catalina stopServer
GRAVE: Catalina.stop: 
java.net.ConnectException: Connection refused: connect
	at java.net.PlainSocketImpl.socketConnect(Native Method)
	at java.net.PlainSocketImpl.doConnect(Unknown Source)
	at java.net.PlainSocketImpl.connectToAddress(Unknown Source)
	at java.net.PlainSocketImpl.connect(Unknown Source)
	at java.net.SocksSocketImpl.connect(Unknown Source)
	at java.net.Socket.connect(Unknown Source)
	at java.net.Socket.connect(Unknown Source)
	at java.net.Socket.<init>(Unknown Source)
	at java.net.Socket.<init>(Unknown Source)
	at org.apache.catalina.startup.Catalina.stopServer(Catalina.java:395)
	at sun.reflect.NativeMethodAccessorImpl.invoke0(Native Method)
	at sun.reflect.NativeMethodAccessorImpl.invoke(Unknown Source)
	at sun.reflect.DelegatingMethodAccessorImpl.invoke(Unknown Source)
	at java.lang.reflect.Method.invoke(Unknown Source)
	at org.apache.catalina.startup.Bootstrap.stopServer(Bootstrap.java:344)
	at org.apache.catalina.startup.Bootstrap.main(Bootstrap.java:435)
05/11/2010 00:42:37 org.apache.catalina.startup.Catalina stopServer
GRAVE: Catalina.stop: 
java.net.ConnectException: Connection refused: connect
	at java.net.PlainSocketImpl.socketConnect(Native Method)
	at java.net.PlainSocketImpl.doConnect(Unknown Source)
	at java.net.PlainSocketImpl.connectToAddress(Unknown Source)
	at java.net.PlainSocketImpl.connect(Unknown Source)
	at java.net.SocksSocketImpl.connect(Unknown Source)
	at java.net.Socket.connect(Unknown Source)
	at java.net.Socket.connect(Unknown Source)
	at java.net.Socket.<init>(Unknown Source)
	at java.net.Socket.<init>(Unknown Source)
	at org.apache.catalina.startup.Catalina.stopServer(Catalina.java:395)
	at sun.reflect.NativeMethodAccessorImpl.invoke0(Native Method)
	at sun.reflect.NativeMethodAccessorImpl.invoke(Unknown Source)
	at sun.reflect.DelegatingMethodAccessorImpl.invoke(Unknown Source)
	at java.lang.reflect.Method.invoke(Unknown Source)
	at org.apache.catalina.startup.Bootstrap.stopServer(Bootstrap.java:344)
	at org.apache.catalina.startup.Bootstrap.main(Bootstrap.java:435)
05/11/2010 09:37:49 org.apache.catalina.core.AprLifecycleListener lifecycleEvent
INFO: The Apache Tomcat Native library which allows optimal performance in production environments was not found on the java.library.path: C:\Program Files (x86)\Pentaho\biserver-ce\jre\bin;.;C:\Windows\Sun\Java\bin;C:\Windows\system32;C:\Windows;C:\Program Files (x86)\CollabNet\Subversion Client;C:\Windows\system32;C:\Windows;C:\Windows\System32\Wbem;C:\Windows\System32\WindowsPowerShell\v1.0\;C:\Program Files\Dell\DW WLAN Card;c:\Program Files (x86)\ATI Technologies\ATI.ACE\Core-Static;c:\Program Files (x86)\Common Files\Roxio Shared\DLLShared\;C:\Program Files\TortoiseSVN\bin;C:\Program Files (x86)\Common Files\Acronis\SnapAPI\;C:\Program Files (x86)\Rational\common;C:\Program Files (x86)\Microsoft SQL Server\80\Tools\Binn\;C:\Program Files (x86)\Microsoft SQL Server\90\Tools\binn\;
05/11/2010 09:37:49 org.apache.coyote.http11.Http11BaseProtocol init
INFO: Inicializando Coyote HTTP/1.1 en puerto http-8080
05/11/2010 09:37:49 org.apache.catalina.startup.Catalina load
INFO: Initialization processed in 6727 ms
05/11/2010 09:37:50 org.apache.catalina.core.StandardService start
INFO: Arrancando servicio Catalina
05/11/2010 09:37:50 org.apache.catalina.core.StandardEngine start
INFO: Starting Servlet Engine: Apache Tomcat/5.5.26
05/11/2010 09:37:50 org.apache.catalina.core.StandardHost start
INFO: Desactivada la validación XML
05/11/2010 09:38:21 org.apache.catalina.startup.ContextConfig validateSecurityRoles
ADVERTENCIA: El nombre de papel de seguridad PENTAHO_ADMIN es usado en un <auth-constraint> sin haber sido definido en <security-role>
05/11/2010 09:38:55 org.apache.coyote.http11.Http11BaseProtocol start
INFO: Arrancando Coyote HTTP/1.1 en puerto http-8080
05/11/2010 09:38:55 org.apache.jk.common.ChannelSocket init
INFO: JK: ajp13 listening on /0.0.0.0:8009
05/11/2010 09:38:55 org.apache.jk.server.JkMain start
INFO: Jk running ID=0 time=0/12  config=null
05/11/2010 09:38:55 org.apache.catalina.storeconfig.StoreLoader load
INFO: Find registry server-registry.xml at classpath resource
05/11/2010 09:38:55 org.apache.catalina.startup.Catalina start
INFO: Server startup in 65767 ms
05/11/2010 10:23:50 org.apache.coyote.http11.Http11BaseProtocol pause
INFO: Pausing Coyote HTTP/1.1 on http-8080
05/11/2010 10:23:51 org.apache.catalina.core.StandardService stop
INFO: Parando servicio Catalina
05/11/2010 10:23:53 org.apache.coyote.http11.Http11BaseProtocol destroy
INFO: Stopping Coyote HTTP/1.1 on http-8080
05/11/2010 10:23:54 org.apache.catalina.core.AprLifecycleListener lifecycleEvent
INFO: Failed shutdown of Apache Portable Runtime
