27/11/2010 13:36:25 org.apache.catalina.core.AprLifecycleListener lifecycleEvent
INFO: The Apache Tomcat Native library which allows optimal performance in production environments was not found on the java.library.path: C:\Program Files (x86)\Java\jdk1.6.0_20\bin;.;C:\Windows\Sun\Java\bin;C:\Windows\system32;C:\Windows;C:\Program Files (x86)\CollabNet\Subversion Client;C:\Windows\system32;C:\Windows;C:\Windows\System32\Wbem;C:\Windows\System32\WindowsPowerShell\v1.0\;C:\Program Files\Dell\DW WLAN Card;c:\Program Files (x86)\ATI Technologies\ATI.ACE\Core-Static;c:\Program Files (x86)\Common Files\Roxio Shared\DLLShared\;C:\Program Files\TortoiseSVN\bin;C:\Program Files (x86)\Common Files\Acronis\SnapAPI\;C:\Program Files (x86)\Rational\common;C:\Program Files (x86)\Microsoft SQL Server\80\Tools\Binn\;C:\Program Files (x86)\Microsoft SQL Server\90\Tools\binn\;C:\Program Files (x86)\Microsoft SQL Server\100\Tools\Binn\;C:\Program Files\Microsoft SQL Server\100\Tools\Binn\;C:\Program Files\Microsoft SQL Server\100\DTS\Binn\
27/11/2010 13:36:25 org.apache.coyote.http11.Http11BaseProtocol init
INFO: Inicializando Coyote HTTP/1.1 en puerto http-8080
27/11/2010 13:36:25 org.apache.catalina.startup.Catalina load
INFO: Initialization processed in 1166 ms
27/11/2010 13:36:25 org.apache.catalina.core.StandardService start
INFO: Arrancando servicio Catalina
27/11/2010 13:36:25 org.apache.catalina.core.StandardEngine start
INFO: Starting Servlet Engine: Apache Tomcat/5.5.26
27/11/2010 13:36:26 org.apache.catalina.core.StandardHost start
INFO: Desactivada la validación XML
27/11/2010 13:36:36 org.apache.catalina.startup.ContextConfig validateSecurityRoles
ADVERTENCIA: El nombre de papel de seguridad PENTAHO_ADMIN es usado en un <auth-constraint> sin haber sido definido en <security-role>
27/11/2010 13:36:56 org.apache.coyote.http11.Http11BaseProtocol start
INFO: Arrancando Coyote HTTP/1.1 en puerto http-8080
27/11/2010 13:36:56 org.apache.jk.common.ChannelSocket init
INFO: JK: ajp13 listening on /0.0.0.0:8009
27/11/2010 13:36:56 org.apache.jk.server.JkMain start
INFO: Jk running ID=0 time=1/47  config=null
27/11/2010 13:36:56 org.apache.catalina.storeconfig.StoreLoader load
INFO: Find registry server-registry.xml at classpath resource
27/11/2010 13:36:56 org.apache.catalina.startup.Catalina start
INFO: Server startup in 30765 ms
27/11/2010 13:39:10 org.apache.catalina.startup.Catalina stopServer
GRAVE: Catalina.stop: 
java.net.ConnectException: Connection refused: connect
	at java.net.PlainSocketImpl.socketConnect(Native Method)
	at java.net.PlainSocketImpl.doConnect(PlainSocketImpl.java:333)
	at java.net.PlainSocketImpl.connectToAddress(PlainSocketImpl.java:195)
	at java.net.PlainSocketImpl.connect(PlainSocketImpl.java:182)
	at java.net.SocksSocketImpl.connect(SocksSocketImpl.java:366)
	at java.net.Socket.connect(Socket.java:529)
	at java.net.Socket.connect(Socket.java:478)
	at java.net.Socket.<init>(Socket.java:375)
	at java.net.Socket.<init>(Socket.java:189)
	at org.apache.catalina.startup.Catalina.stopServer(Catalina.java:395)
	at sun.reflect.NativeMethodAccessorImpl.invoke0(Native Method)
	at sun.reflect.NativeMethodAccessorImpl.invoke(NativeMethodAccessorImpl.java:39)
	at sun.reflect.DelegatingMethodAccessorImpl.invoke(DelegatingMethodAccessorImpl.java:25)
	at java.lang.reflect.Method.invoke(Method.java:597)
	at org.apache.catalina.startup.Bootstrap.stopServer(Bootstrap.java:344)
	at org.apache.catalina.startup.Bootstrap.main(Bootstrap.java:435)
27/11/2010 13:39:31 org.apache.catalina.core.AprLifecycleListener lifecycleEvent
INFO: The Apache Tomcat Native library which allows optimal performance in production environments was not found on the java.library.path: C:\Program Files (x86)\Java\jdk1.6.0_20\bin;.;C:\Windows\Sun\Java\bin;C:\Windows\system32;C:\Windows;C:\Program Files (x86)\CollabNet\Subversion Client;C:\Windows\system32;C:\Windows;C:\Windows\System32\Wbem;C:\Windows\System32\WindowsPowerShell\v1.0\;C:\Program Files\Dell\DW WLAN Card;c:\Program Files (x86)\ATI Technologies\ATI.ACE\Core-Static;c:\Program Files (x86)\Common Files\Roxio Shared\DLLShared\;C:\Program Files\TortoiseSVN\bin;C:\Program Files (x86)\Common Files\Acronis\SnapAPI\;C:\Program Files (x86)\Rational\common;C:\Program Files (x86)\Microsoft SQL Server\80\Tools\Binn\;C:\Program Files (x86)\Microsoft SQL Server\90\Tools\binn\;C:\Program Files (x86)\Microsoft SQL Server\100\Tools\Binn\;C:\Program Files\Microsoft SQL Server\100\Tools\Binn\;C:\Program Files\Microsoft SQL Server\100\DTS\Binn\
27/11/2010 13:39:32 org.apache.coyote.http11.Http11BaseProtocol init
INFO: Inicializando Coyote HTTP/1.1 en puerto http-8080
27/11/2010 13:39:32 org.apache.catalina.startup.Catalina load
INFO: Initialization processed in 556 ms
27/11/2010 13:39:32 org.apache.catalina.core.StandardService start
INFO: Arrancando servicio Catalina
27/11/2010 13:39:32 org.apache.catalina.core.StandardEngine start
INFO: Starting Servlet Engine: Apache Tomcat/5.5.26
27/11/2010 13:39:32 org.apache.catalina.core.StandardHost start
INFO: Desactivada la validación XML
27/11/2010 13:39:33 org.apache.catalina.startup.ContextConfig validateSecurityRoles
ADVERTENCIA: El nombre de papel de seguridad PENTAHO_ADMIN es usado en un <auth-constraint> sin haber sido definido en <security-role>
27/11/2010 13:39:47 org.apache.coyote.http11.Http11BaseProtocol start
INFO: Arrancando Coyote HTTP/1.1 en puerto http-8080
27/11/2010 13:39:47 org.apache.jk.common.ChannelSocket init
INFO: JK: ajp13 listening on /0.0.0.0:8009
27/11/2010 13:39:47 org.apache.jk.server.JkMain start
INFO: Jk running ID=0 time=0/17  config=null
27/11/2010 13:39:47 org.apache.catalina.storeconfig.StoreLoader load
INFO: Find registry server-registry.xml at classpath resource
27/11/2010 13:39:47 org.apache.catalina.startup.Catalina start
INFO: Server startup in 15410 ms
27/11/2010 13:41:03 org.apache.catalina.startup.Catalina stopServer
GRAVE: Catalina.stop: 
java.net.ConnectException: Connection refused: connect
	at java.net.PlainSocketImpl.socketConnect(Native Method)
	at java.net.PlainSocketImpl.doConnect(PlainSocketImpl.java:333)
	at java.net.PlainSocketImpl.connectToAddress(PlainSocketImpl.java:195)
	at java.net.PlainSocketImpl.connect(PlainSocketImpl.java:182)
	at java.net.SocksSocketImpl.connect(SocksSocketImpl.java:366)
	at java.net.Socket.connect(Socket.java:529)
	at java.net.Socket.connect(Socket.java:478)
	at java.net.Socket.<init>(Socket.java:375)
	at java.net.Socket.<init>(Socket.java:189)
	at org.apache.catalina.startup.Catalina.stopServer(Catalina.java:395)
	at sun.reflect.NativeMethodAccessorImpl.invoke0(Native Method)
	at sun.reflect.NativeMethodAccessorImpl.invoke(NativeMethodAccessorImpl.java:39)
	at sun.reflect.DelegatingMethodAccessorImpl.invoke(DelegatingMethodAccessorImpl.java:25)
	at java.lang.reflect.Method.invoke(Method.java:597)
	at org.apache.catalina.startup.Bootstrap.stopServer(Bootstrap.java:344)
	at org.apache.catalina.startup.Bootstrap.main(Bootstrap.java:435)
27/11/2010 13:47:42 org.apache.catalina.core.AprLifecycleListener lifecycleEvent
INFO: The Apache Tomcat Native library which allows optimal performance in production environments was not found on the java.library.path: C:\Program Files (x86)\Java\jdk1.6.0_20\bin;.;C:\Windows\Sun\Java\bin;C:\Windows\system32;C:\Windows;C:\Program Files (x86)\CollabNet\Subversion Client;C:\Windows\system32;C:\Windows;C:\Windows\System32\Wbem;C:\Windows\System32\WindowsPowerShell\v1.0\;C:\Program Files\Dell\DW WLAN Card;c:\Program Files (x86)\ATI Technologies\ATI.ACE\Core-Static;c:\Program Files (x86)\Common Files\Roxio Shared\DLLShared\;C:\Program Files\TortoiseSVN\bin;C:\Program Files (x86)\Common Files\Acronis\SnapAPI\;C:\Program Files (x86)\Rational\common;C:\Program Files (x86)\Microsoft SQL Server\80\Tools\Binn\;C:\Program Files (x86)\Microsoft SQL Server\90\Tools\binn\;C:\Program Files (x86)\Microsoft SQL Server\100\Tools\Binn\;C:\Program Files\Microsoft SQL Server\100\Tools\Binn\;C:\Program Files\Microsoft SQL Server\100\DTS\Binn\
27/11/2010 13:47:43 org.apache.coyote.http11.Http11BaseProtocol init
INFO: Inicializando Coyote HTTP/1.1 en puerto http-8080
27/11/2010 13:47:43 org.apache.catalina.startup.Catalina load
INFO: Initialization processed in 9412 ms
27/11/2010 13:48:10 org.apache.catalina.core.StandardService start
INFO: Arrancando servicio Catalina
27/11/2010 13:48:10 org.apache.catalina.core.StandardEngine start
INFO: Starting Servlet Engine: Apache Tomcat/5.5.26
27/11/2010 13:48:10 org.apache.catalina.core.StandardHost start
INFO: Desactivada la validación XML
27/11/2010 13:48:18 org.apache.catalina.startup.ContextConfig validateSecurityRoles
ADVERTENCIA: El nombre de papel de seguridad PENTAHO_ADMIN es usado en un <auth-constraint> sin haber sido definido en <security-role>
27/11/2010 13:48:41 org.apache.coyote.http11.Http11BaseProtocol start
INFO: Arrancando Coyote HTTP/1.1 en puerto http-8080
27/11/2010 13:48:41 org.apache.jk.common.ChannelSocket init
INFO: JK: ajp13 listening on /0.0.0.0:8009
27/11/2010 13:48:41 org.apache.jk.server.JkMain start
INFO: Jk running ID=0 time=0/12  config=null
27/11/2010 13:48:41 org.apache.catalina.storeconfig.StoreLoader load
INFO: Find registry server-registry.xml at classpath resource
27/11/2010 13:48:41 org.apache.catalina.startup.Catalina start
INFO: Server startup in 58250 ms
27/11/2010 14:10:52 org.apache.coyote.http11.Http11BaseProtocol pause
INFO: Pausing Coyote HTTP/1.1 on http-8080
27/11/2010 14:10:53 org.apache.catalina.core.StandardService stop
INFO: Parando servicio Catalina
27/11/2010 14:10:55 org.apache.coyote.http11.Http11BaseProtocol destroy
INFO: Stopping Coyote HTTP/1.1 on http-8080
27/11/2010 14:10:55 org.apache.catalina.core.AprLifecycleListener lifecycleEvent
INFO: Failed shutdown of Apache Portable Runtime
