03/09/2011 19:50:09 org.apache.catalina.core.AprLifecycleListener lifecycleEvent
INFO: The Apache Tomcat Native library which allows optimal performance in production environments was not found on the java.library.path: C:\Users\gaston\Desktop\fruterio-kiwi-team\07. Toma de decisiones\pentaho\biserver-ce\jre\bin;.;C:\Windows\Sun\Java\bin;C:\Windows\system32;C:\Windows;C:\Windows\system32;C:\Windows;C:\Windows\System32\Wbem;C:\Windows\System32\WindowsPowerShell\v1.0\;C:\Program Files\TortoiseSVN\bin
03/09/2011 19:50:10 org.apache.coyote.http11.Http11BaseProtocol init
INFO: Inicializando Coyote HTTP/1.1 en puerto http-8080
03/09/2011 19:50:10 org.apache.catalina.startup.Catalina load
INFO: Initialization processed in 4508 ms
03/09/2011 19:50:11 org.apache.catalina.core.StandardService start
INFO: Arrancando servicio Catalina
03/09/2011 19:50:11 org.apache.catalina.core.StandardEngine start
INFO: Starting Servlet Engine: Apache Tomcat/5.5.26
03/09/2011 19:50:11 org.apache.catalina.core.StandardHost start
INFO: Desactivada la validación XML
03/09/2011 19:50:16 org.apache.catalina.startup.ContextConfig validateSecurityRoles
ADVERTENCIA: El nombre de papel de seguridad PENTAHO_ADMIN es usado en un <auth-constraint> sin haber sido definido en <security-role>
03/09/2011 19:50:39 org.apache.coyote.http11.Http11BaseProtocol start
INFO: Arrancando Coyote HTTP/1.1 en puerto http-8080
03/09/2011 19:50:39 org.apache.jk.common.ChannelSocket init
INFO: JK: ajp13 listening on /0.0.0.0:8009
03/09/2011 19:50:39 org.apache.jk.server.JkMain start
INFO: Jk running ID=0 time=0/32  config=null
03/09/2011 19:50:39 org.apache.catalina.storeconfig.StoreLoader load
INFO: Find registry server-registry.xml at classpath resource
03/09/2011 19:50:39 org.apache.catalina.startup.Catalina start
INFO: Server startup in 28538 ms
03/09/2011 20:59:41 org.apache.catalina.startup.Catalina stopServer
GRAVE: Catalina.stop: 
java.net.ConnectException: Connection refused: connect
	at java.net.PlainSocketImpl.socketConnect(Native Method)
	at java.net.PlainSocketImpl.doConnect(Unknown Source)
	at java.net.PlainSocketImpl.connectToAddress(Unknown Source)
	at java.net.PlainSocketImpl.connect(Unknown Source)
	at java.net.SocksSocketImpl.connect(Unknown Source)
	at java.net.Socket.connect(Unknown Source)
	at java.net.Socket.connect(Unknown Source)
	at java.net.Socket.<init>(Unknown Source)
	at java.net.Socket.<init>(Unknown Source)
	at org.apache.catalina.startup.Catalina.stopServer(Catalina.java:395)
	at sun.reflect.NativeMethodAccessorImpl.invoke0(Native Method)
	at sun.reflect.NativeMethodAccessorImpl.invoke(Unknown Source)
	at sun.reflect.DelegatingMethodAccessorImpl.invoke(Unknown Source)
	at java.lang.reflect.Method.invoke(Unknown Source)
	at org.apache.catalina.startup.Bootstrap.stopServer(Bootstrap.java:344)
	at org.apache.catalina.startup.Bootstrap.main(Bootstrap.java:435)
03/09/2011 20:59:50 org.apache.catalina.core.AprLifecycleListener lifecycleEvent
INFO: The Apache Tomcat Native library which allows optimal performance in production environments was not found on the java.library.path: C:\Users\gaston\Desktop\fruterio-kiwi-team\07. Toma de decisiones\pentaho\biserver-ce\jre\bin;.;C:\Windows\Sun\Java\bin;C:\Windows\system32;C:\Windows;C:\Windows\system32;C:\Windows;C:\Windows\System32\Wbem;C:\Windows\System32\WindowsPowerShell\v1.0\;C:\Program Files\TortoiseSVN\bin
03/09/2011 20:59:50 org.apache.coyote.http11.Http11BaseProtocol init
INFO: Inicializando Coyote HTTP/1.1 en puerto http-8080
03/09/2011 20:59:50 org.apache.catalina.startup.Catalina load
INFO: Initialization processed in 509 ms
03/09/2011 20:59:50 org.apache.catalina.core.StandardService start
INFO: Arrancando servicio Catalina
03/09/2011 20:59:50 org.apache.catalina.core.StandardEngine start
INFO: Starting Servlet Engine: Apache Tomcat/5.5.26
03/09/2011 20:59:50 org.apache.catalina.core.StandardHost start
INFO: Desactivada la validación XML
03/09/2011 20:59:51 org.apache.catalina.startup.ContextConfig validateSecurityRoles
ADVERTENCIA: El nombre de papel de seguridad PENTAHO_ADMIN es usado en un <auth-constraint> sin haber sido definido en <security-role>
03/09/2011 21:00:05 org.apache.coyote.http11.Http11BaseProtocol start
INFO: Arrancando Coyote HTTP/1.1 en puerto http-8080
03/09/2011 21:00:06 org.apache.jk.common.ChannelSocket init
INFO: JK: ajp13 listening on /0.0.0.0:8009
03/09/2011 21:00:06 org.apache.jk.server.JkMain start
INFO: Jk running ID=0 time=0/35  config=null
03/09/2011 21:00:06 org.apache.catalina.storeconfig.StoreLoader load
INFO: Find registry server-registry.xml at classpath resource
03/09/2011 21:00:06 org.apache.catalina.startup.Catalina start
INFO: Server startup in 16028 ms
03/09/2011 21:04:11 org.apache.catalina.core.AprLifecycleListener lifecycleEvent
INFO: The Apache Tomcat Native library which allows optimal performance in production environments was not found on the java.library.path: C:\Users\gaston\Desktop\fruterio-kiwi-team\07. Toma de decisiones\pentaho\biserver-ce\jre\bin;.;C:\Windows\Sun\Java\bin;C:\Windows\system32;C:\Windows;C:\Windows\system32;C:\Windows;C:\Windows\System32\Wbem;C:\Windows\System32\WindowsPowerShell\v1.0\;C:\Program Files\TortoiseSVN\bin
03/09/2011 21:04:11 org.apache.coyote.http11.Http11BaseProtocol init
INFO: Inicializando Coyote HTTP/1.1 en puerto http-8080
03/09/2011 21:04:11 org.apache.catalina.startup.Catalina load
INFO: Initialization processed in 1436 ms
03/09/2011 21:04:11 org.apache.catalina.core.StandardService start
INFO: Arrancando servicio Catalina
03/09/2011 21:04:11 org.apache.catalina.core.StandardEngine start
INFO: Starting Servlet Engine: Apache Tomcat/5.5.26
03/09/2011 21:04:11 org.apache.catalina.core.StandardHost start
INFO: Desactivada la validación XML
03/09/2011 21:04:20 org.apache.catalina.startup.ContextConfig validateSecurityRoles
ADVERTENCIA: El nombre de papel de seguridad PENTAHO_ADMIN es usado en un <auth-constraint> sin haber sido definido en <security-role>
03/09/2011 21:04:38 org.apache.coyote.http11.Http11BaseProtocol start
INFO: Arrancando Coyote HTTP/1.1 en puerto http-8080
03/09/2011 21:04:39 org.apache.jk.common.ChannelSocket init
INFO: JK: ajp13 listening on /0.0.0.0:8009
03/09/2011 21:04:39 org.apache.jk.server.JkMain start
INFO: Jk running ID=0 time=0/42  config=null
03/09/2011 21:04:39 org.apache.catalina.storeconfig.StoreLoader load
INFO: Find registry server-registry.xml at classpath resource
03/09/2011 21:04:39 org.apache.catalina.startup.Catalina start
INFO: Server startup in 27687 ms
03/09/2011 19:18:00 org.apache.catalina.core.AprLifecycleListener lifecycleEvent
INFO: The Apache Tomcat Native library which allows optimal performance in production environments was not found on the java.library.path: C:\Program Files (x86)\Java\jdk1.6.0_20\bin;.;C:\Windows\Sun\Java\bin;C:\Windows\system32;C:\Windows;C:\Program Files (x86)\PC Connectivity Solution\;C:\Program Files (x86)\CollabNet\Subversion Client;C:\Windows\system32;C:\Windows;C:\Windows\System32\Wbem;C:\Windows\System32\WindowsPowerShell\v1.0\;C:\Program Files\Dell\DW WLAN Card;c:\Program Files (x86)\ATI Technologies\ATI.ACE\Core-Static;c:\Program Files (x86)\Common Files\Roxio Shared\DLLShared\;C:\Program Files\TortoiseSVN\bin;C:\Program Files (x86)\Common Files\Acronis\SnapAPI\;C:\Program Files (x86)\Rational\common;C:\Program Files (x86)\Microsoft SQL Server\90\Tools\binn\;C:\Program Files (x86)\QuickTime\QTSystem\;C:\Program Files (x86)\Apache Software Foundation\apache-maven-2.2.1\bin;C:\Program Files (x86)\IDM Computer Solutions\UltraEdit\
03/09/2011 19:18:01 org.apache.coyote.http11.Http11BaseProtocol init
INFO: Inicializando Coyote HTTP/1.1 en puerto http-8080
03/09/2011 19:18:01 org.apache.catalina.startup.Catalina load
INFO: Initialization processed in 1661 ms
03/09/2011 19:18:01 org.apache.catalina.core.StandardService start
INFO: Arrancando servicio Catalina
03/09/2011 19:18:01 org.apache.catalina.core.StandardEngine start
INFO: Starting Servlet Engine: Apache Tomcat/5.5.26
03/09/2011 19:18:01 org.apache.catalina.core.StandardHost start
INFO: Desactivada la validación XML
03/09/2011 19:18:07 org.apache.catalina.startup.ContextConfig validateSecurityRoles
ADVERTENCIA: El nombre de papel de seguridad PENTAHO_ADMIN es usado en un <auth-constraint> sin haber sido definido en <security-role>
03/09/2011 19:18:34 org.apache.coyote.http11.Http11BaseProtocol start
INFO: Arrancando Coyote HTTP/1.1 en puerto http-8080
03/09/2011 19:18:34 org.apache.jk.common.ChannelSocket init
INFO: JK: ajp13 listening on /0.0.0.0:8009
03/09/2011 19:18:34 org.apache.jk.server.JkMain start
INFO: Jk running ID=0 time=0/30  config=null
03/09/2011 19:18:34 org.apache.catalina.storeconfig.StoreLoader load
INFO: Find registry server-registry.xml at classpath resource
03/09/2011 19:18:34 org.apache.catalina.startup.Catalina start
INFO: Server startup in 33532 ms
