WebappLoader[]: Deploying class repositories to work directory C:\Users\wasaaa\IBM\rationalsdp7.0\workspace\.metadata\.plugins\org.eclipse.tomcat\ROOT
ContextConfig[]: Added certificates -> request attribute Valve
StandardManager[]: Seeding random number generator class java.security.SecureRandom
StandardManager[]: Seeding of random number generator has been completed
StandardWrapper[:default]: Loading container servlet default
StandardWrapper[:invoker]: Loading container servlet invoker
CoyoteConnector Coyote can't register jmx for protocol
WebappLoader[/SampleGallery]: Deploying class repositories to work directory C:\Users\wasaaa\IBM\rationalsdp7.0\workspace\.metadata\.plugins\org.eclipse.tomcat\SampleGallery
WebappLoader[/SampleGallery]: Deploy JAR /WEB-INF/lib/jsp.jar to D:\Program Files\IBM\SDP70Shared\plugins\com.ibm.samplegallery_7.0.1.v7I061103\WEB-INF\lib\jsp.jar
WebappLoader[/SampleGallery]: Deploy JAR /WEB-INF/lib/servlets.jar to D:\Program Files\IBM\SDP70Shared\plugins\com.ibm.samplegallery_7.0.1.v7I061103\WEB-INF\lib\servlets.jar
ContextConfig[/SampleGallery]: Added certificates -> request attribute Valve
StandardManager[/SampleGallery]: Seeding random number generator class java.security.SecureRandom
StandardManager[/SampleGallery]: Seeding of random number generator has been completed
StandardWrapper[/SampleGallery:default]: Loading container servlet default
StandardWrapper[/SampleGallery:invoker]: Loading container servlet invoker
WebappLoader[/TutorialGallery]: Deploying class repositories to work directory C:\Users\wasaaa\IBM\rationalsdp7.0\workspace\.metadata\.plugins\org.eclipse.tomcat\TutorialGallery
WebappLoader[/TutorialGallery]: Deploy JAR /WEB-INF/lib/jsp.jar to D:\Program Files\IBM\SDP70Shared\plugins\com.ibm.tutorialgallery_7.0.1.v7I061103\WEB-INF\lib\jsp.jar
WebappLoader[/TutorialGallery]: Deploy JAR /WEB-INF/lib/servlets.jar to D:\Program Files\IBM\SDP70Shared\plugins\com.ibm.tutorialgallery_7.0.1.v7I061103\WEB-INF\lib\servlets.jar
ContextConfig[/TutorialGallery]: Added certificates -> request attribute Valve
StandardManager[/TutorialGallery]: Seeding random number generator class java.security.SecureRandom
StandardManager[/TutorialGallery]: Seeding of random number generator has been completed
StandardWrapper[/TutorialGallery:default]: Loading container servlet default
StandardWrapper[/TutorialGallery:invoker]: Loading container servlet invoker
WebappLoader[/help]: Deploying class repositories to work directory C:\Users\wasaaa\IBM\rationalsdp7.0\workspace\.metadata\.plugins\org.eclipse.tomcat\help
WebappLoader[/help]: Deploy JAR /WEB-INF/lib/jsp.jar to D:\Program Files\IBM\SDP70Shared\plugins\org.eclipse.help.webapp_3.2.1.R321_v20060803\WEB-INF\lib\jsp.jar
WebappLoader[/help]: Deploy JAR /WEB-INF/lib/servlets.jar to D:\Program Files\IBM\SDP70Shared\plugins\org.eclipse.help.webapp_3.2.1.R321_v20060803\WEB-INF\lib\servlets.jar
ContextConfig[/help]: Added certificates -> request attribute Valve
StandardManager[/help]: Seeding random number generator class java.security.SecureRandom
StandardManager[/help]: Seeding of random number generator has been completed
StandardWrapper[/help:default]: Loading container servlet default
StandardWrapper[/help:invoker]: Loading container servlet invoker
StandardWrapper[/TutorialGallery:content]: Waiting for 1 instance(s) to be deallocated
StandardWrapper[/SampleGallery:default]: Waiting for 2 instance(s) to be deallocated
