INFO  05-06 11:12:35,057 - Using "C:\Users\Gabriel\AppData\Local\Temp\vfs_cache" as temporary files store.
INFO  05-06 11:12:35,738 - Kitchen - Kitchen
INFO  05-06 11:12:35,739 - Kitchen - Kitchen
INFO  05-06 11:12:35,769 - RepositoriesMeta - Reading repositories XML file: C:\Users\Gabriel\.kettle\repositories.xml
ERROR: No repository provided, can't load job.
INFO  05-06 11:12:35,940 - DisponibilidadMateriaPrima - Start of job execution
INFO  05-06 11:12:35,944 - DisponibilidadMateriaPrima - Starting entry [Fac_DisponibilidadMateriaPrima]
INFO  05-06 11:12:35,947 - Fac_DisponibilidadMateriaPrima - Loading transformation from XML file [D:\Gabu\ArchivosBI\Fac_DisponibilidadMateriaPrima.ktr]
INFO  05-06 11:12:36,335 - Fac_DisponibilidadMateriaPrima - Dispatching started for transformation [Fac_DisponibilidadMateriaPrima]
INFO  05-06 11:12:36,373 - Fac_DisponibilidadMateriaPrima - This transformation can be replayed with replay date: 2011/06/05 11:12:36
INFO  05-06 11:12:36,801 - MateriaPrima - Finished reading query, closing connection.
INFO  05-06 11:12:36,805 - AdecuarMP - Finished processing (I=0, O=0, R=3, W=3, U=0, E=0)
INFO  05-06 11:12:36,805 - MateriaPrima - Finished processing (I=3, O=0, R=0, W=3, U=0, E=0)
INFO  05-06 11:12:36,807 - Get System Info - Finished processing (I=0, O=0, R=3, W=3, U=0, E=0)
INFO  05-06 11:12:36,810 - OrdenarPorFechaHoy - Finished processing (I=0, O=0, R=3, W=3, U=0, E=0)
INFO  05-06 11:12:37,134 - Tiempo - Finished reading query, closing connection.
INFO  05-06 11:12:37,136 - Tiempo - Finished processing (I=5000, O=0, R=0, W=5000, U=0, E=0)
INFO  05-06 11:12:37,287 - FechaFoto - Finished processing (I=0, O=0, R=5003, W=3, U=0, E=0)
INFO  05-06 11:12:37,334 - Dimension Disponibilidad Productos - Finished processing (I=3, O=0, R=3, W=3, U=0, E=0)
INFO  05-06 11:12:37,341 - DisponibilidadMateriaPrima - Starting entry [Eliminar_Filas_Nulas]
INFO  05-06 11:12:37,394 - DisponibilidadMateriaPrima - Starting entry [Success]
INFO  05-06 11:12:37,395 - DisponibilidadMateriaPrima - Finished job entry [Success] (result=[true])
INFO  05-06 11:12:37,395 - DisponibilidadMateriaPrima - Finished job entry [Eliminar_Filas_Nulas] (result=[true])
INFO  05-06 11:12:37,395 - DisponibilidadMateriaPrima - Finished job entry [Fac_DisponibilidadMateriaPrima] (result=[true])
INFO  05-06 11:12:37,395 - DisponibilidadMateriaPrima - Job execution finished
INFO  05-06 11:12:37,396 - Kitchen - Kitchen
INFO  05-06 11:12:37,396 - Kitchen - Kitchen
INFO  05-06 11:12:37,396 - Kitchen - Kitchen
