/*C15*/SET SCHEMA PUBLIC
CONNECT USER HIBUSER
DISCONNECT
/*C16*/SET SCHEMA PUBLIC
CONNECT USER HIBUSER
DISCONNECT
/*C17*/SET SCHEMA PUBLIC
CONNECT USER HIBUSER
SET AUTOCOMMIT FALSE
SET AUTOCOMMIT TRUE
DISCONNECT
/*C18*/SET SCHEMA PUBLIC
CONNECT USER HIBUSER
SET AUTOCOMMIT FALSE
SET AUTOCOMMIT TRUE
SET AUTOCOMMIT FALSE
/*C19*/SET SCHEMA PUBLIC
CONNECT USER HIBUSER
DISCONNECT
/*C20*/SET SCHEMA PUBLIC
CONNECT USER HIBUSER
SET AUTOCOMMIT FALSE
/*C21*/SET SCHEMA PUBLIC
CONNECT USER HIBUSER
SET AUTOCOMMIT FALSE
/*C22*/SET SCHEMA PUBLIC
CONNECT USER HIBUSER
SET AUTOCOMMIT FALSE
