/*C5*/SET SCHEMA PUBLIC
CONNECT USER HIBUSER
DISCONNECT
/*C6*/SET SCHEMA PUBLIC
CONNECT USER HIBUSER
DISCONNECT
/*C7*/SET SCHEMA PUBLIC
CONNECT USER HIBUSER
SET AUTOCOMMIT FALSE
SET AUTOCOMMIT TRUE
DISCONNECT
/*C8*/SET SCHEMA PUBLIC
CONNECT USER HIBUSER
SET AUTOCOMMIT FALSE
SET AUTOCOMMIT TRUE
SET AUTOCOMMIT FALSE
/*C9*/SET SCHEMA PUBLIC
CONNECT USER HIBUSER
DISCONNECT
/*C10*/SET SCHEMA PUBLIC
CONNECT USER HIBUSER
SET AUTOCOMMIT FALSE
/*C11*/SET SCHEMA PUBLIC
CONNECT USER HIBUSER
SET AUTOCOMMIT FALSE
/*C12*/SET SCHEMA PUBLIC
CONNECT USER HIBUSER
DISCONNECT
/*C13*/SET SCHEMA PUBLIC
CONNECT USER HIBUSER
SET AUTOCOMMIT FALSE
SET AUTOCOMMIT TRUE
SET AUTOCOMMIT FALSE
/*C14*/SET SCHEMA PUBLIC
CONNECT USER HIBUSER
SET AUTOCOMMIT FALSE
